#
# There is insufficient memory for the Java Runtime Environment to continue.
# Native memory allocation (malloc) failed to allocate 2449473536 bytes for committing reserved memory.
# Possible reasons:
#   The system is out of physical RAM or swap space
#   In 32 bit mode, the process size limit was hit
# Possible solutions:
#   Reduce memory load on the system
#   Increase physical memory or swap space
#   Check if swap backing store is full
#   Use 64 bit Java on a 64 bit OS
#   Decrease Java heap size (-Xmx/-Xms)
#   Decrease number of Java threads
#   Decrease Java thread stack sizes (-Xss)
#   Set larger code cache with -XX:ReservedCodeCacheSize=
# This output file may be truncated or incomplete.
#
#  Out of Memory Error (os_linux.cpp:2827), pid=25899, tid=139451978680064
#
# JRE version: OpenJDK Runtime Environment (7.0_95) (build 1.7.0_95-b00)
# Java VM: OpenJDK 64-Bit Server VM (24.95-b01 mixed mode linux-amd64 )
# Derivative: IcedTea 2.6.4
# Distribution: Ubuntu Xenial Xerus (development branch), package 7u95-2.6.4-3
# Failed to write core dump. Core dumps have been disabled. To enable core dumping, try "ulimit -c unlimited" before starting Java again
#

---------------  T H R E A D  ---------------

Current thread (0x00007f072c0a1800):  VMThread [stack: 0x00007ed4b1970000,0x00007ed4b1a71000] [id=25931]

Stack: [0x00007ed4b1970000,0x00007ed4b1a71000],  sp=0x00007ed4b1a6f4c0,  free space=1021k
Native frames: (J=compiled Java code, j=interpreted, Vv=VM code, C=native code)
V  [libjvm.so+0x9937b3]
V  [libjvm.so+0x48a37f]
V  [libjvm.so+0x80060b]
V  [libjvm.so+0x7fa9fe]
V  [libjvm.so+0x870e66]
V  [libjvm.so+0x85f09a]
V  [libjvm.so+0x85f2a3]
V  [libjvm.so+0x860218]
V  [libjvm.so+0x867edd]
V  [libjvm.so+0x86eecd]
V  [libjvm.so+0x823fa3]
V  [libjvm.so+0x995252]
V  [libjvm.so+0x999f97]
V  [libjvm.so+0x997828]
V  [libjvm.so+0x998b9f]
V  [libjvm.so+0x999091]
V  [libjvm.so+0x7fd532]

VM_Operation (0x00007ed4a846f620): ParallelGCFailedAllocation, mode: safepoint, requested by thread 0x00007f072c2a5800


---------------  P R O C E S S  ---------------

Java Threads: ( => current thread )
  0x00007f072c2e0000 JavaThread "pool-1-thread-32" [_thread_blocked, id=26051, stack(0x00007ed49a5e6000,0x00007ed49a6e7000)]
  0x00007f072c2de000 JavaThread "pool-1-thread-31" [_thread_blocked, id=26050, stack(0x00007ed49a6e7000,0x00007ed49a7e8000)]
  0x00007f072c2dc000 JavaThread "pool-1-thread-30" [_thread_blocked, id=26049, stack(0x00007ed49a7e8000,0x00007ed49a8e9000)]
  0x00007f072c2da800 JavaThread "pool-1-thread-29" [_thread_blocked, id=26048, stack(0x00007ed49a8e9000,0x00007ed49a9ea000)]
  0x00007f072c2d8800 JavaThread "pool-1-thread-28" [_thread_blocked, id=26047, stack(0x00007ed49a9ea000,0x00007ed49aaeb000)]
  0x00007f072c2d6000 JavaThread "pool-1-thread-27" [_thread_blocked, id=26046, stack(0x00007ed49aaeb000,0x00007ed49abec000)]
  0x00007f072c2d4000 JavaThread "pool-1-thread-26" [_thread_blocked, id=26045, stack(0x00007ed49abec000,0x00007ed49aced000)]
  0x00007f072c2d2000 JavaThread "pool-1-thread-25" [_thread_blocked, id=26044, stack(0x00007ed49aced000,0x00007ed49adee000)]
  0x00007f072c2d0800 JavaThread "pool-1-thread-24" [_thread_blocked, id=26043, stack(0x00007ed49adee000,0x00007ed49aeef000)]
  0x00007f072c2ce800 JavaThread "pool-1-thread-23" [_thread_blocked, id=26041, stack(0x00007ed49aeef000,0x00007ed49aff0000)]
  0x00007f072c2cd000 JavaThread "pool-1-thread-22" [_thread_blocked, id=26040, stack(0x00007ed49aff0000,0x00007ed49b0f1000)]
  0x00007f072c2ca800 JavaThread "pool-1-thread-21" [_thread_blocked, id=26036, stack(0x00007ed49b0f1000,0x00007ed49b1f2000)]
  0x00007f072c2c9000 JavaThread "pool-1-thread-20" [_thread_blocked, id=26035, stack(0x00007ed49b1f2000,0x00007ed49b2f3000)]
  0x00007f072c2c7800 JavaThread "pool-1-thread-19" [_thread_blocked, id=26033, stack(0x00007ed49b2f3000,0x00007ed49b3f4000)]
  0x00007f072c2c6000 JavaThread "pool-1-thread-18" [_thread_blocked, id=26032, stack(0x00007ed49b3f4000,0x00007ed49b4f5000)]
  0x00007f072c2c3800 JavaThread "pool-1-thread-17" [_thread_blocked, id=26031, stack(0x00007ed49b4f5000,0x00007ed49b5f6000)]
  0x00007f072c2c1800 JavaThread "pool-1-thread-16" [_thread_blocked, id=26030, stack(0x00007ed49b5f6000,0x00007ed49b6f7000)]
  0x00007f072c2bf800 JavaThread "pool-1-thread-15" [_thread_blocked, id=26029, stack(0x00007ed49b6f7000,0x00007ed49b7f8000)]
  0x00007f072c2bd800 JavaThread "pool-1-thread-14" [_thread_blocked, id=26026, stack(0x00007ed49b7f8000,0x00007ed49b8f9000)]
  0x00007f072c2bb800 JavaThread "pool-1-thread-13" [_thread_blocked, id=26025, stack(0x00007ed49b8f9000,0x00007ed49b9fa000)]
  0x00007f072c2ba000 JavaThread "pool-1-thread-12" [_thread_blocked, id=26023, stack(0x00007ed49b9fa000,0x00007ed49bafb000)]
  0x00007f072c2b8800 JavaThread "pool-1-thread-11" [_thread_blocked, id=26022, stack(0x00007ed49bafb000,0x00007ed49bbfc000)]
  0x00007f072c2b6800 JavaThread "pool-1-thread-10" [_thread_blocked, id=26019, stack(0x00007ed49bbfc000,0x00007ed49bcfd000)]
  0x00007f072c2b5000 JavaThread "pool-1-thread-9" [_thread_blocked, id=26017, stack(0x00007ed49bcfd000,0x00007ed49bdfe000)]
  0x00007f072c2b3800 JavaThread "pool-1-thread-8" [_thread_blocked, id=26016, stack(0x00007ed49bdfe000,0x00007ed49beff000)]
  0x00007f072c2b1000 JavaThread "pool-1-thread-7" [_thread_blocked, id=26014, stack(0x00007ed49beff000,0x00007ed49c000000)]
  0x00007f072c2af000 JavaThread "pool-1-thread-6" [_thread_blocked, id=26011, stack(0x00007ed4a806d000,0x00007ed4a816e000)]
  0x00007f072c2ad800 JavaThread "pool-1-thread-5" [_thread_blocked, id=26009, stack(0x00007ed4a816e000,0x00007ed4a826f000)]
  0x00007f072c2a6800 JavaThread "pool-1-thread-4" [_thread_blocked, id=26008, stack(0x00007ed4a826f000,0x00007ed4a8370000)]
  0x00007f072c2a5800 JavaThread "pool-1-thread-3" [_thread_blocked, id=26007, stack(0x00007ed4a8370000,0x00007ed4a8471000)]
  0x00007f072c2a4800 JavaThread "pool-1-thread-2" [_thread_blocked, id=26006, stack(0x00007ed4a8471000,0x00007ed4a8572000)]
  0x00007f072c2a9800 JavaThread "pool-1-thread-1" [_thread_blocked, id=26005, stack(0x00007ed4a8572000,0x00007ed4a8673000)]
  0x00007f072c0ea000 JavaThread "Service Thread" daemon [_thread_blocked, id=25944, stack(0x00007ed4b0e62000,0x00007ed4b0f63000)]
  0x00007f072c0e7800 JavaThread "C2 CompilerThread1" daemon [_thread_blocked, id=25943, stack(0x00007ed4b0f63000,0x00007ed4b1064000)]
  0x00007f072c0e5000 JavaThread "C2 CompilerThread0" daemon [_thread_blocked, id=25942, stack(0x00007ed4b1064000,0x00007ed4b1165000)]
  0x00007ed2c0001000 JavaThread "JDWP Command Reader" daemon [_thread_in_native, id=25938, stack(0x00007ed4b1165000,0x00007ed4b1266000)]
  0x00007f072c0e2800 JavaThread "JDWP Event Helper Thread" daemon [_thread_blocked, id=25937, stack(0x00007ed4b1266000,0x00007ed4b1367000)]
  0x00007f072c0df000 JavaThread "JDWP Transport Listener: dt_socket" daemon [_thread_blocked, id=25936, stack(0x00007ed4b1367000,0x00007ed4b1468000)]
  0x00007f072c0d2000 JavaThread "Signal Dispatcher" daemon [_thread_blocked, id=25934, stack(0x00007ed4b166d000,0x00007ed4b176e000)]
  0x00007f072c0a8000 JavaThread "Finalizer" daemon [_thread_blocked, id=25933, stack(0x00007ed4b176e000,0x00007ed4b186f000)]
  0x00007f072c0a6000 JavaThread "Reference Handler" daemon [_thread_blocked, id=25932, stack(0x00007ed4b186f000,0x00007ed4b1970000)]
  0x00007f072c00d000 JavaThread "main" [_thread_blocked, id=25905, stack(0x00007f0733c56000,0x00007f0733d57000)]

Other Threads:
=>0x00007f072c0a1800 VMThread [stack: 0x00007ed4b1970000,0x00007ed4b1a71000] [id=25931]
  0x00007f072c0f5000 WatcherThread [stack: 0x00007ed4b0d61000,0x00007ed4b0e62000] [id=25945]

VM state:at safepoint (normal execution)

VM Mutex/Monitor currently owned by a thread:  ([mutex/lock_event])
[0x00007f072c008b00] ExpandHeap_lock - owner thread: 0x00007f072c0a1800
[0x00007f072c009180] Threads_lock - owner thread: 0x00007f072c0a1800
[0x00007f072c009680] Heap_lock - owner thread: 0x00007f072c2a5800

Heap
 PSYoungGen      total 1161216K, used 0K [0x00007ef67e500000, 0x00007ef6f0700000, 0x00007f0729000000)
  eden space 525824K, 0% used [0x00007ef67e500000,0x00007ef67e500000,0x00007ef69e680000)
  from space 635392K, 0% used [0x00007ef6c6a00000,0x00007ef6c6a00000,0x00007ef6ed680000)
  to   space 658944K, 0% used [0x00007ef69e680000,0x00007ef69e680000,0x00007ef6c6a00000)
 ParOldGen       total 22967296K, used 22785751K [0x00007ed529000000, 0x00007edaa2d00000, 0x00007ef67e500000)
  object space 22967296K, 99% used [0x00007ed529000000,0x00007eda97bb5ef8,0x00007edaa2d00000)
 PSPermGen       total 21504K, used 6919K [0x00007ed51ea00000, 0x00007ed51ff00000, 0x00007ed529000000)
  object space 21504K, 32% used [0x00007ed51ea00000,0x00007ed51f0c1e08,0x00007ed51ff00000)

Card table byte_map: [0x00007ed5059ac000,0x00007ed51ea00000] byte_map_base: 0x00007e959b0b7000

Polling page: 0x00007f0733d68000

Code Cache  [0x00007f0729000000, 0x00007f0729270000, 0x00007f072c000000)
 total_blobs=458 nmethods=215 adapters=204 free_code_cache=48079Kb largest_free_block=49139328

Compilation events (10 events):
Event: 167.839 Thread 0x00007f072c0e7800 nmethod 239 0x00007f07290b2110 code [0x00007f07290b2240, 0x00007f07290b2298]
Event: 167.846 Thread 0x00007f072c0e5000 nmethod 233 0x00007f072908dc90 code [0x00007f072908df00, 0x00007f072908f3f8]
Event: 167.851 Thread 0x00007f072c0e7800  240 %           OptSB$1::call @ 130 (1152 bytes)
Event: 167.876 Thread 0x00007f072c0e7800 nmethod 240% 0x00007f072908a7d0 code [0x00007f072908aa20, 0x00007f072908c298]
Event: 167.888 Thread 0x00007f072c0e5000  241             OptSB$1::call (1152 bytes)
Event: 168.174 Thread 0x00007f072c0e7800  242             java.util.HashMap::get (29 bytes)
Event: 168.177 Thread 0x00007f072c0e7800 nmethod 242 0x00007f07290b3ed0 code [0x00007f07290b4040, 0x00007f07290b4298]
Event: 168.295 Thread 0x00007f072c0e5000 nmethod 241 0x00007f07290a1ed0 code [0x00007f07290a27e0, 0x00007f07290a92d0]
Event: 168.295 Thread 0x00007f072c0e7800  243 %           OptSB$1::call @ 130 (1152 bytes)
Event: 168.531 Thread 0x00007f072c0e7800 nmethod 243% 0x00007f07290cc6d0 code [0x00007f07290cc9a0, 0x00007f07290ceb90]

GC Heap History (10 events):
Event: 184.334 GC heap after
Heap after GC invocations=143 (full 15):
 PSYoungGen      total 967168K, used 387434K [0x00007ef67e500000, 0x00007ef6dc600000, 0x00007f0729000000)
  eden space 438784K, 0% used [0x00007ef67e500000,0x00007ef67e500000,0x00007ef699180000)
  from space 528384K, 73% used [0x00007ef6ba880000,0x00007ef6d22daac0,0x00007ef6dac80000)
  to   space 547840K, 0% used [0x00007ef699180000,0x00007ef699180000,0x00007ef6ba880000)
 ParOldGen       total 22967296K, used 20664021K [0x00007ed529000000, 0x00007edaa2d00000, 0x00007ef67e500000)
  object space 22967296K, 89% used [0x00007ed529000000,0x00007eda163b55f8,0x00007edaa2d00000)
 PSPermGen       total 21504K, used 6919K [0x00007ed51ea00000, 0x00007ed51ff00000, 0x00007ed529000000)
  object space 21504K, 32% used [0x00007ed51ea00000,0x00007ed51f0c1e08,0x00007ed51ff00000)
}
Event: 184.380 GC heap before
{Heap before GC invocations=144 (full 15):
 PSYoungGen      total 967168K, used 826218K [0x00007ef67e500000, 0x00007ef6dc600000, 0x00007f0729000000)
  eden space 438784K, 100% used [0x00007ef67e500000,0x00007ef699180000,0x00007ef699180000)
  from space 528384K, 73% used [0x00007ef6ba880000,0x00007ef6d22daac0,0x00007ef6dac80000)
  to   space 547840K, 0% used [0x00007ef699180000,0x00007ef699180000,0x00007ef6ba880000)
 ParOldGen       total 22967296K, used 20664021K [0x00007ed529000000, 0x00007edaa2d00000, 0x00007ef67e500000)
  object space 22967296K, 89% used [0x00007ed529000000,0x00007eda163b55f8,0x00007edaa2d00000)
 PSPermGen       total 21504K, used 6919K [0x00007ed51ea00000, 0x00007ed51ff00000, 0x00007ed529000000)
  object space 21504K, 32% used [0x00007ed51ea00000,0x00007ed51f0c1e08,0x00007ed51ff00000)
Event: 184.721 GC heap after
Heap after GC invocations=144 (full 15):
 PSYoungGen      total 986624K, used 433241K [0x00007ef67e500000, 0x00007ef6e3880000, 0x00007f0729000000)
  eden space 438784K, 0% used [0x00007ef67e500000,0x00007ef67e500000,0x00007ef699180000)
  from space 547840K, 79% used [0x00007ef699180000,0x00007ef6b3896518,0x00007ef6ba880000)
  to   space 579072K, 0% used [0x00007ef6c0300000,0x00007ef6c0300000,0x00007ef6e3880000)
 ParOldGen       total 22967296K, used 21045490K [0x00007ed529000000, 0x00007edaa2d00000, 0x00007ef67e500000)
  object space 22967296K, 91% used [0x00007ed529000000,0x00007eda2d83c860,0x00007edaa2d00000)
 PSPermGen       total 21504K, used 6919K [0x00007ed51ea00000, 0x00007ed51ff00000, 0x00007ed529000000)
  object space 21504K, 32% used [0x00007ed51ea00000,0x00007ed51f0c1e08,0x00007ed51ff00000)
}
Event: 184.764 GC heap before
{Heap before GC invocations=145 (full 15):
 PSYoungGen      total 986624K, used 872025K [0x00007ef67e500000, 0x00007ef6e3880000, 0x00007f0729000000)
  eden space 438784K, 100% used [0x00007ef67e500000,0x00007ef699180000,0x00007ef699180000)
  from space 547840K, 79% used [0x00007ef699180000,0x00007ef6b3896518,0x00007ef6ba880000)
  to   space 579072K, 0% used [0x00007ef6c0300000,0x00007ef6c0300000,0x00007ef6e3880000)
 ParOldGen       total 22967296K, used 21045490K [0x00007ed529000000, 0x00007edaa2d00000, 0x00007ef67e500000)
  object space 22967296K, 91% used [0x00007ed529000000,0x00007eda2d83c860,0x00007edaa2d00000)
 PSPermGen       total 21504K, used 6919K [0x00007ed51ea00000, 0x00007ed51ff00000, 0x00007ed529000000)
  object space 21504K, 32% used [0x00007ed51ea00000,0x00007ed51f0c1e08,0x00007ed51ff00000)
Event: 185.128 GC heap after
Heap after GC invocations=145 (full 15):
 PSYoungGen      total 1054208K, used 436166K [0x00007ef67e500000, 0x00007ef6e6e00000, 0x00007f0729000000)
  eden space 475136K, 0% used [0x00007ef67e500000,0x00007ef67e500000,0x00007ef69b500000)
  from space 579072K, 75% used [0x00007ef6c0300000,0x00007ef6dacf1b40,0x00007ef6e3880000)
  to   space 604160K, 0% used [0x00007ef69b500000,0x00007ef69b500000,0x00007ef6c0300000)
 ParOldGen       total 22967296K, used 21469877K [0x00007ed529000000, 0x00007edaa2d00000, 0x00007ef67e500000)
  object space 22967296K, 93% used [0x00007ed529000000,0x00007eda476ad7c8,0x00007edaa2d00000)
 PSPermGen       total 21504K, used 6919K [0x00007ed51ea00000, 0x00007ed51ff00000, 0x00007ed529000000)
  object space 21504K, 32% used [0x00007ed51ea00000,0x00007ed51f0c1e08,0x00007ed51ff00000)
}
Event: 185.174 GC heap before
{Heap before GC invocations=146 (full 15):
 PSYoungGen      total 1054208K, used 911302K [0x00007ef67e500000, 0x00007ef6e6e00000, 0x00007f0729000000)
  eden space 475136K, 100% used [0x00007ef67e500000,0x00007ef69b500000,0x00007ef69b500000)
  from space 579072K, 75% used [0x00007ef6c0300000,0x00007ef6dacf1b40,0x00007ef6e3880000)
  to   space 604160K, 0% used [0x00007ef69b500000,0x00007ef69b500000,0x00007ef6c0300000)
 ParOldGen       total 22967296K, used 21469877K [0x00007ed529000000, 0x00007edaa2d00000, 0x00007ef67e500000)
  object space 22967296K, 93% used [0x00007ed529000000,0x00007eda476ad7c8,0x00007edaa2d00000)
 PSPermGen       total 21504K, used 6919K [0x00007ed51ea00000, 0x00007ed51ff00000, 0x00007ed529000000)
  object space 21504K, 32% used [0x00007ed51ea00000,0x00007ed51f0c1e08,0x00007ed51ff00000)
Event: 185.485 GC heap after
Heap after GC invocations=146 (full 15):
 PSYoungGen      total 1079296K, used 471474K [0x00007ef67e500000, 0x00007ef6ed680000, 0x00007f0729000000)
  eden space 475136K, 0% used [0x00007ef67e500000,0x00007ef67e500000,0x00007ef69b500000)
  from space 604160K, 78% used [0x00007ef69b500000,0x00007ef6b816cbc0,0x00007ef6c0300000)
  to   space 635392K, 0% used [0x00007ef6c6a00000,0x00007ef6c6a00000,0x00007ef6ed680000)
 ParOldGen       total 22967296K, used 21896569K [0x00007ed529000000, 0x00007edaa2d00000, 0x00007ef67e500000)
  object space 22967296K, 95% used [0x00007ed529000000,0x00007eda6175e530,0x00007edaa2d00000)
 PSPermGen       total 21504K, used 6919K [0x00007ed51ea00000, 0x00007ed51ff00000, 0x00007ed529000000)
  object space 21504K, 32% used [0x00007ed51ea00000,0x00007ed51f0c1e08,0x00007ed51ff00000)
}
Event: 185.531 GC heap before
{Heap before GC invocations=147 (full 15):
 PSYoungGen      total 1079296K, used 946610K [0x00007ef67e500000, 0x00007ef6ed680000, 0x00007f0729000000)
  eden space 475136K, 100% used [0x00007ef67e500000,0x00007ef69b500000,0x00007ef69b500000)
  from space 604160K, 78% used [0x00007ef69b500000,0x00007ef6b816cbc0,0x00007ef6c0300000)
  to   space 635392K, 0% used [0x00007ef6c6a00000,0x00007ef6c6a00000,0x00007ef6ed680000)
 ParOldGen       total 22967296K, used 21896569K [0x00007ed529000000, 0x00007edaa2d00000, 0x00007ef67e500000)
  object space 22967296K, 95% used [0x00007ed529000000,0x00007eda6175e530,0x00007edaa2d00000)
 PSPermGen       total 21504K, used 6919K [0x00007ed51ea00000, 0x00007ed51ff00000, 0x00007ed529000000)
  object space 21504K, 32% used [0x00007ed51ea00000,0x00007ed51f0c1e08,0x00007ed51ff00000)
Event: 185.908 GC heap after
Heap after GC invocations=147 (full 15):
 PSYoungGen      total 1161216K, used 470837K [0x00007ef67e500000, 0x00007ef6f0700000, 0x00007f0729000000)
  eden space 525824K, 0% used [0x00007ef67e500000,0x00007ef67e500000,0x00007ef69e680000)
  from space 635392K, 74% used [0x00007ef6c6a00000,0x00007ef6e35cd780,0x00007ef6ed680000)
  to   space 658944K, 0% used [0x00007ef69e680000,0x00007ef69e680000,0x00007ef6c6a00000)
 ParOldGen       total 22967296K, used 22353830K [0x00007ed529000000, 0x00007edaa2d00000, 0x00007ef67e500000)
  object space 22967296K, 97% used [0x00007ed529000000,0x00007eda7d5e9af8,0x00007edaa2d00000)
 PSPermGen       total 21504K, used 6919K [0x00007ed51ea00000, 0x00007ed51ff00000, 0x00007ed529000000)
  object space 21504K, 32% used [0x00007ed51ea00000,0x00007ed51f0c1e08,0x00007ed51ff00000)
}
Event: 185.908 GC heap before
{Heap before GC invocations=148 (full 16):
 PSYoungGen      total 1161216K, used 470837K [0x00007ef67e500000, 0x00007ef6f0700000, 0x00007f0729000000)
  eden space 525824K, 0% used [0x00007ef67e500000,0x00007ef67e500000,0x00007ef69e680000)
  from space 635392K, 74% used [0x00007ef6c6a00000,0x00007ef6e35cd780,0x00007ef6ed680000)
  to   space 658944K, 0% used [0x00007ef69e680000,0x00007ef69e680000,0x00007ef6c6a00000)
 ParOldGen       total 22967296K, used 22353830K [0x00007ed529000000, 0x00007edaa2d00000, 0x00007ef67e500000)
  object space 22967296K, 97% used [0x00007ed529000000,0x00007eda7d5e9af8,0x00007edaa2d00000)
 PSPermGen       total 21504K, used 6919K [0x00007ed51ea00000, 0x00007ed51ff00000, 0x00007ed529000000)
  object space 21504K, 32% used [0x00007ed51ea00000,0x00007ed51f0c1e08,0x00007ed51ff00000)

Deoptimization events (10 events):
Event: 167.897 Thread 0x00007f072c2ba000 Uncommon trap: reason=unstable_if action=reinterpret pc=0x00007f072908bae4 method=OptSB$1.call()LOptSBOutputParamStruct; @ 193
Event: 167.897 Thread 0x00007f072c2ad800 Uncommon trap: reason=unstable_if action=reinterpret pc=0x00007f072908bae4 method=OptSB$1.call()LOptSBOutputParamStruct; @ 193
Event: 167.897 Thread 0x00007f072c2b6800 Uncommon trap: reason=unstable_if action=reinterpret pc=0x00007f072908bae4 method=OptSB$1.call()LOptSBOutputParamStruct; @ 193
Event: 167.897 Thread 0x00007f072c2bd800 Uncommon trap: reason=unstable_if action=reinterpret pc=0x00007f072908bae4 method=OptSB$1.call()LOptSBOutputParamStruct; @ 193
Event: 167.897 Thread 0x00007f072c2c7800 Uncommon trap: reason=unstable_if action=reinterpret pc=0x00007f072908bae4 method=OptSB$1.call()LOptSBOutputParamStruct; @ 193
Event: 167.897 Thread 0x00007f072c2b5000 Uncommon trap: reason=unstable_if action=reinterpret pc=0x00007f072908bae4 method=OptSB$1.call()LOptSBOutputParamStruct; @ 193
Event: 167.897 Thread 0x00007f072c2b3800 Uncommon trap: reason=unstable_if action=reinterpret pc=0x00007f072908bae4 method=OptSB$1.call()LOptSBOutputParamStruct; @ 193
Event: 167.899 Thread 0x00007f072c2c3800 Uncommon trap: reason=unstable_if action=reinterpret pc=0x00007f072908bae4 method=OptSB$1.call()LOptSBOutputParamStruct; @ 193
Event: 167.899 Thread 0x00007f072c2cd000 Uncommon trap: reason=unstable_if action=reinterpret pc=0x00007f072908bae4 method=OptSB$1.call()LOptSBOutputParamStruct; @ 193
Event: 168.161 Thread 0x00007f072c00d000 Uncommon trap: reason=unstable_if action=reinterpret pc=0x00007f07290944e4 method=java.util.HashMap.get(Ljava/lang/Object;)Ljava/lang/Object; @ 17

Internal exceptions (10 events):
Event: 167.687 Thread 0x00007f072c00d000 Threw 0x00007ef693ab92e8 at /build/openjdk-7-hGnxiC/openjdk-7-7u95-2.6.4/build/openjdk/hotspot/src/share/vm/prims/jvm.cpp:1322
Event: 167.688 Thread 0x00007f072c00d000 Threw 0x00007ef693abc410 at /build/openjdk-7-hGnxiC/openjdk-7-7u95-2.6.4/build/openjdk/hotspot/src/share/vm/prims/jvm.cpp:1322
Event: 167.703 Thread 0x00007f072c00d000 Threw 0x00007ef693adbec8 at /build/openjdk-7-hGnxiC/openjdk-7-7u95-2.6.4/build/openjdk/hotspot/src/share/vm/prims/jvm.cpp:1322
Event: 167.704 Thread 0x00007f072c00d000 Threw 0x00007ef693ae0d68 at /build/openjdk-7-hGnxiC/openjdk-7-7u95-2.6.4/build/openjdk/hotspot/src/share/vm/prims/jvm.cpp:1322
Event: 167.704 Thread 0x00007f072c00d000 Threw 0x00007ef693ae61d8 at /build/openjdk-7-hGnxiC/openjdk-7-7u95-2.6.4/build/openjdk/hotspot/src/share/vm/prims/jvm.cpp:1322
Event: 167.705 Thread 0x00007f072c00d000 Threw 0x00007ef693af1b58 at /build/openjdk-7-hGnxiC/openjdk-7-7u95-2.6.4/build/openjdk/hotspot/src/share/vm/prims/jvm.cpp:1322
Event: 167.712 Thread 0x00007f072c00d000 Threw 0x00007ef693afcac0 at /build/openjdk-7-hGnxiC/openjdk-7-7u95-2.6.4/build/openjdk/hotspot/src/share/vm/prims/jvm.cpp:1322
Event: 167.789 Thread 0x00007f072c00d000 Threw 0x00007ef693b0a2d0 at /build/openjdk-7-hGnxiC/openjdk-7-7u95-2.6.4/build/openjdk/hotspot/src/share/vm/prims/jvm.cpp:1322
Event: 167.813 Thread 0x00007f072c00d000 Threw 0x00007ef693b19b48 at /build/openjdk-7-hGnxiC/openjdk-7-7u95-2.6.4/build/openjdk/hotspot/src/share/vm/prims/jvm.cpp:1322
Event: 167.820 Thread 0x00007f072c2a9800 Threw 0x00007ef694faf768 at /build/openjdk-7-hGnxiC/openjdk-7-7u95-2.6.4/build/openjdk/hotspot/src/share/vm/prims/jvm.cpp:1322

Events (10 events):
Event: 184.186 Executing VM operation: ParallelGCFailedAllocation done
Event: 184.228 Executing VM operation: ParallelGCFailedAllocation
Event: 184.334 Executing VM operation: ParallelGCFailedAllocation done
Event: 184.379 Executing VM operation: ParallelGCFailedAllocation
Event: 184.721 Executing VM operation: ParallelGCFailedAllocation done
Event: 184.763 Executing VM operation: ParallelGCFailedAllocation
Event: 185.128 Executing VM operation: ParallelGCFailedAllocation done
Event: 185.173 Executing VM operation: ParallelGCFailedAllocation
Event: 185.485 Executing VM operation: ParallelGCFailedAllocation done
Event: 185.530 Executing VM operation: ParallelGCFailedAllocation


Dynamic libraries:
00400000-00401000 r-xp 00000000 08:01 781249                             /usr/lib/jvm/java-7-openjdk-amd64/jre/bin/java
00600000-00601000 r--p 00000000 08:01 781249                             /usr/lib/jvm/java-7-openjdk-amd64/jre/bin/java
00601000-00602000 rw-p 00001000 08:01 781249                             /usr/lib/jvm/java-7-openjdk-amd64/jre/bin/java
021ab000-021cc000 rw-p 00000000 00:00 0                                  [heap]
7ed224000000-7ed224021000 rw-p 00000000 00:00 0 
7ed224021000-7ed228000000 ---p 00000000 00:00 0 
7ed228000000-7ed228021000 rw-p 00000000 00:00 0 
7ed228021000-7ed22c000000 ---p 00000000 00:00 0 
7ed22c000000-7ed22c021000 rw-p 00000000 00:00 0 
7ed22c021000-7ed230000000 ---p 00000000 00:00 0 
7ed230000000-7ed230021000 rw-p 00000000 00:00 0 
7ed230021000-7ed234000000 ---p 00000000 00:00 0 
7ed234000000-7ed234021000 rw-p 00000000 00:00 0 
7ed234021000-7ed238000000 ---p 00000000 00:00 0 
7ed238000000-7ed238021000 rw-p 00000000 00:00 0 
7ed238021000-7ed23c000000 ---p 00000000 00:00 0 
7ed23c000000-7ed23c021000 rw-p 00000000 00:00 0 
7ed23c021000-7ed240000000 ---p 00000000 00:00 0 
7ed240000000-7ed240021000 rw-p 00000000 00:00 0 
7ed240021000-7ed244000000 ---p 00000000 00:00 0 
7ed244000000-7ed244021000 rw-p 00000000 00:00 0 
7ed244021000-7ed248000000 ---p 00000000 00:00 0 
7ed248000000-7ed248021000 rw-p 00000000 00:00 0 
7ed248021000-7ed24c000000 ---p 00000000 00:00 0 
7ed24c000000-7ed24c021000 rw-p 00000000 00:00 0 
7ed24c021000-7ed250000000 ---p 00000000 00:00 0 
7ed250000000-7ed250021000 rw-p 00000000 00:00 0 
7ed250021000-7ed254000000 ---p 00000000 00:00 0 
7ed254000000-7ed254021000 rw-p 00000000 00:00 0 
7ed254021000-7ed258000000 ---p 00000000 00:00 0 
7ed258000000-7ed258021000 rw-p 00000000 00:00 0 
7ed258021000-7ed25c000000 ---p 00000000 00:00 0 
7ed25c000000-7ed25c021000 rw-p 00000000 00:00 0 
7ed25c021000-7ed260000000 ---p 00000000 00:00 0 
7ed260000000-7ed260021000 rw-p 00000000 00:00 0 
7ed260021000-7ed264000000 ---p 00000000 00:00 0 
7ed264000000-7ed264021000 rw-p 00000000 00:00 0 
7ed264021000-7ed268000000 ---p 00000000 00:00 0 
7ed268000000-7ed268021000 rw-p 00000000 00:00 0 
7ed268021000-7ed26c000000 ---p 00000000 00:00 0 
7ed26c000000-7ed26c021000 rw-p 00000000 00:00 0 
7ed26c021000-7ed270000000 ---p 00000000 00:00 0 
7ed270000000-7ed270021000 rw-p 00000000 00:00 0 
7ed270021000-7ed274000000 ---p 00000000 00:00 0 
7ed274000000-7ed274021000 rw-p 00000000 00:00 0 
7ed274021000-7ed278000000 ---p 00000000 00:00 0 
7ed278000000-7ed278021000 rw-p 00000000 00:00 0 
7ed278021000-7ed27c000000 ---p 00000000 00:00 0 
7ed27c000000-7ed27c021000 rw-p 00000000 00:00 0 
7ed27c021000-7ed280000000 ---p 00000000 00:00 0 
7ed280000000-7ed280021000 rw-p 00000000 00:00 0 
7ed280021000-7ed284000000 ---p 00000000 00:00 0 
7ed284000000-7ed284021000 rw-p 00000000 00:00 0 
7ed284021000-7ed288000000 ---p 00000000 00:00 0 
7ed288000000-7ed288021000 rw-p 00000000 00:00 0 
7ed288021000-7ed28c000000 ---p 00000000 00:00 0 
7ed28c000000-7ed28c021000 rw-p 00000000 00:00 0 
7ed28c021000-7ed290000000 ---p 00000000 00:00 0 
7ed290000000-7ed290021000 rw-p 00000000 00:00 0 
7ed290021000-7ed294000000 ---p 00000000 00:00 0 
7ed294000000-7ed294021000 rw-p 00000000 00:00 0 
7ed294021000-7ed298000000 ---p 00000000 00:00 0 
7ed298000000-7ed298021000 rw-p 00000000 00:00 0 
7ed298021000-7ed29c000000 ---p 00000000 00:00 0 
7ed29c000000-7ed29c021000 rw-p 00000000 00:00 0 
7ed29c021000-7ed2a0000000 ---p 00000000 00:00 0 
7ed2a0000000-7ed2a0021000 rw-p 00000000 00:00 0 
7ed2a0021000-7ed2a4000000 ---p 00000000 00:00 0 
7ed2a4000000-7ed2a4021000 rw-p 00000000 00:00 0 
7ed2a4021000-7ed2a8000000 ---p 00000000 00:00 0 
7ed2a8000000-7ed2a8021000 rw-p 00000000 00:00 0 
7ed2a8021000-7ed2ac000000 ---p 00000000 00:00 0 
7ed2ac000000-7ed2acd75000 rw-p 00000000 00:00 0 
7ed2acd75000-7ed2b0000000 ---p 00000000 00:00 0 
7ed2b0000000-7ed2b0ae6000 rw-p 00000000 00:00 0 
7ed2b0ae6000-7ed2b4000000 ---p 00000000 00:00 0 
7ed2b4000000-7ed2b4021000 rw-p 00000000 00:00 0 
7ed2b4021000-7ed2b8000000 ---p 00000000 00:00 0 
7ed2b8000000-7ed2b8021000 rw-p 00000000 00:00 0 
7ed2b8021000-7ed2bc000000 ---p 00000000 00:00 0 
7ed2bc000000-7ed2bc021000 rw-p 00000000 00:00 0 
7ed2bc021000-7ed2c0000000 ---p 00000000 00:00 0 
7ed2c0000000-7ed2c0021000 rw-p 00000000 00:00 0 
7ed2c0021000-7ed2c4000000 ---p 00000000 00:00 0 
7ed2c4000000-7ed2c4021000 rw-p 00000000 00:00 0 
7ed2c4021000-7ed2c8000000 ---p 00000000 00:00 0 
7ed2c8000000-7ed2c8021000 rw-p 00000000 00:00 0 
7ed2c8021000-7ed2cc000000 ---p 00000000 00:00 0 
7ed2cc000000-7ed2cc021000 rw-p 00000000 00:00 0 
7ed2cc021000-7ed2d0000000 ---p 00000000 00:00 0 
7ed2d2a7d000-7ed47c000000 rw-p 00000000 00:00 0 
7ed47c000000-7ed47c021000 rw-p 00000000 00:00 0 
7ed47c021000-7ed480000000 ---p 00000000 00:00 0 
7ed484000000-7ed484021000 rw-p 00000000 00:00 0 
7ed484021000-7ed488000000 ---p 00000000 00:00 0 
7ed48c000000-7ed48c021000 rw-p 00000000 00:00 0 
7ed48c021000-7ed490000000 ---p 00000000 00:00 0 
7ed494000000-7ed494021000 rw-p 00000000 00:00 0 
7ed494021000-7ed498000000 ---p 00000000 00:00 0 
7ed49a5e6000-7ed49a5e9000 ---p 00000000 00:00 0 
7ed49a5e9000-7ed49a6e7000 rw-p 00000000 00:00 0 
7ed49a6e7000-7ed49a6ea000 ---p 00000000 00:00 0 
7ed49a6ea000-7ed49a7e8000 rw-p 00000000 00:00 0 
7ed49a7e8000-7ed49a7eb000 ---p 00000000 00:00 0 
7ed49a7eb000-7ed49a8e9000 rw-p 00000000 00:00 0 
7ed49a8e9000-7ed49a8ec000 ---p 00000000 00:00 0 
7ed49a8ec000-7ed49a9ea000 rw-p 00000000 00:00 0 
7ed49a9ea000-7ed49a9ed000 ---p 00000000 00:00 0 
7ed49a9ed000-7ed49aaeb000 rw-p 00000000 00:00 0 
7ed49aaeb000-7ed49aaee000 ---p 00000000 00:00 0 
7ed49aaee000-7ed49abec000 rw-p 00000000 00:00 0 
7ed49abec000-7ed49abef000 ---p 00000000 00:00 0 
7ed49abef000-7ed49aced000 rw-p 00000000 00:00 0 
7ed49aced000-7ed49acf0000 ---p 00000000 00:00 0 
7ed49acf0000-7ed49adee000 rw-p 00000000 00:00 0 
7ed49adee000-7ed49adf1000 ---p 00000000 00:00 0 
7ed49adf1000-7ed49aeef000 rw-p 00000000 00:00 0 
7ed49aeef000-7ed49aef2000 ---p 00000000 00:00 0 
7ed49aef2000-7ed49aff0000 rw-p 00000000 00:00 0 
7ed49aff0000-7ed49aff3000 ---p 00000000 00:00 0 
7ed49aff3000-7ed49b0f1000 rw-p 00000000 00:00 0 
7ed49b0f1000-7ed49b0f4000 ---p 00000000 00:00 0 
7ed49b0f4000-7ed49b1f2000 rw-p 00000000 00:00 0 
7ed49b1f2000-7ed49b1f5000 ---p 00000000 00:00 0 
7ed49b1f5000-7ed49b2f3000 rw-p 00000000 00:00 0 
7ed49b2f3000-7ed49b2f6000 ---p 00000000 00:00 0 
7ed49b2f6000-7ed49b3f4000 rw-p 00000000 00:00 0 
7ed49b3f4000-7ed49b3f7000 ---p 00000000 00:00 0 
7ed49b3f7000-7ed49b4f5000 rw-p 00000000 00:00 0 
7ed49b4f5000-7ed49b4f8000 ---p 00000000 00:00 0 
7ed49b4f8000-7ed49b5f6000 rw-p 00000000 00:00 0 
7ed49b5f6000-7ed49b5f9000 ---p 00000000 00:00 0 
7ed49b5f9000-7ed49b6f7000 rw-p 00000000 00:00 0 
7ed49b6f7000-7ed49b6fa000 ---p 00000000 00:00 0 
7ed49b6fa000-7ed49b7f8000 rw-p 00000000 00:00 0 
7ed49b7f8000-7ed49b7fb000 ---p 00000000 00:00 0 
7ed49b7fb000-7ed49b8f9000 rw-p 00000000 00:00 0 
7ed49b8f9000-7ed49b8fc000 ---p 00000000 00:00 0 
7ed49b8fc000-7ed49b9fa000 rw-p 00000000 00:00 0 
7ed49b9fa000-7ed49b9fd000 ---p 00000000 00:00 0 
7ed49b9fd000-7ed49bafb000 rw-p 00000000 00:00 0 
7ed49bafb000-7ed49bafe000 ---p 00000000 00:00 0 
7ed49bafe000-7ed49bbfc000 rw-p 00000000 00:00 0 
7ed49bbfc000-7ed49bbff000 ---p 00000000 00:00 0 
7ed49bbff000-7ed49bcfd000 rw-p 00000000 00:00 0 
7ed49bcfd000-7ed49bd00000 ---p 00000000 00:00 0 
7ed49bd00000-7ed49bdfe000 rw-p 00000000 00:00 0 
7ed49bdfe000-7ed49be01000 ---p 00000000 00:00 0 
7ed49be01000-7ed49beff000 rw-p 00000000 00:00 0 
7ed49beff000-7ed49bf02000 ---p 00000000 00:00 0 
7ed49bf02000-7ed49c000000 rw-p 00000000 00:00 0 
7ed49c000000-7ed49c12a000 rw-p 00000000 00:00 0 
7ed49c12a000-7ed4a0000000 ---p 00000000 00:00 0 
7ed4a0000000-7ed4a0021000 rw-p 00000000 00:00 0 
7ed4a0021000-7ed4a4000000 ---p 00000000 00:00 0 
7ed4a4000000-7ed4a4021000 rw-p 00000000 00:00 0 
7ed4a4021000-7ed4a8000000 ---p 00000000 00:00 0 
7ed4a806d000-7ed4a8070000 ---p 00000000 00:00 0 
7ed4a8070000-7ed4a816e000 rw-p 00000000 00:00 0 
7ed4a816e000-7ed4a8171000 ---p 00000000 00:00 0 
7ed4a8171000-7ed4a826f000 rw-p 00000000 00:00 0 
7ed4a826f000-7ed4a8272000 ---p 00000000 00:00 0 
7ed4a8272000-7ed4a8370000 rw-p 00000000 00:00 0 
7ed4a8370000-7ed4a8373000 ---p 00000000 00:00 0 
7ed4a8373000-7ed4a8471000 rw-p 00000000 00:00 0 
7ed4a8471000-7ed4a8474000 ---p 00000000 00:00 0 
7ed4a8474000-7ed4a8572000 rw-p 00000000 00:00 0 
7ed4a8572000-7ed4a8575000 ---p 00000000 00:00 0 
7ed4a8575000-7ed4ab43a000 rw-p 00000000 00:00 0 
7ed4ab43a000-7ed4ab4a8000 r-xp 00000000 08:01 2064                       /lib/x86_64-linux-gnu/libpcre.so.3.13.2
7ed4ab4a8000-7ed4ab6a8000 ---p 0006e000 08:01 2064                       /lib/x86_64-linux-gnu/libpcre.so.3.13.2
7ed4ab6a8000-7ed4ab6a9000 r--p 0006e000 08:01 2064                       /lib/x86_64-linux-gnu/libpcre.so.3.13.2
7ed4ab6a9000-7ed4ab6aa000 rw-p 0006f000 08:01 2064                       /lib/x86_64-linux-gnu/libpcre.so.3.13.2
7ed4ab6aa000-7ed4ab6b1000 r-xp 00000000 08:01 24583                      /usr/lib/x86_64-linux-gnu/libffi.so.6.0.4
7ed4ab6b1000-7ed4ab8b0000 ---p 00007000 08:01 24583                      /usr/lib/x86_64-linux-gnu/libffi.so.6.0.4
7ed4ab8b0000-7ed4ab8b1000 r--p 00006000 08:01 24583                      /usr/lib/x86_64-linux-gnu/libffi.so.6.0.4
7ed4ab8b1000-7ed4ab8b2000 rw-p 00007000 08:01 24583                      /usr/lib/x86_64-linux-gnu/libffi.so.6.0.4
7ed4ab8b2000-7ed4ab8c9000 r-xp 00000000 08:01 2093                       /lib/x86_64-linux-gnu/libresolv-2.23.so
7ed4ab8c9000-7ed4abac9000 ---p 00017000 08:01 2093                       /lib/x86_64-linux-gnu/libresolv-2.23.so
7ed4abac9000-7ed4abaca000 r--p 00017000 08:01 2093                       /lib/x86_64-linux-gnu/libresolv-2.23.so
7ed4abaca000-7ed4abacb000 rw-p 00018000 08:01 2093                       /lib/x86_64-linux-gnu/libresolv-2.23.so
7ed4abacb000-7ed4abacd000 rw-p 00000000 00:00 0 
7ed4abacd000-7ed4abaec000 r-xp 00000000 08:01 2070                       /lib/x86_64-linux-gnu/libselinux.so.1
7ed4abaec000-7ed4abceb000 ---p 0001f000 08:01 2070                       /lib/x86_64-linux-gnu/libselinux.so.1
7ed4abceb000-7ed4abcec000 r--p 0001e000 08:01 2070                       /lib/x86_64-linux-gnu/libselinux.so.1
7ed4abcec000-7ed4abced000 rw-p 0001f000 08:01 2070                       /lib/x86_64-linux-gnu/libselinux.so.1
7ed4abced000-7ed4abcef000 rw-p 00000000 00:00 0 
7ed4abcef000-7ed4abdfe000 r-xp 00000000 08:01 2163                       /lib/x86_64-linux-gnu/libglib-2.0.so.0.4800.1
7ed4abdfe000-7ed4abffd000 ---p 0010f000 08:01 2163                       /lib/x86_64-linux-gnu/libglib-2.0.so.0.4800.1
7ed4abffd000-7ed4abffe000 r--p 0010e000 08:01 2163                       /lib/x86_64-linux-gnu/libglib-2.0.so.0.4800.1
7ed4abffe000-7ed4abfff000 rw-p 0010f000 08:01 2163                       /lib/x86_64-linux-gnu/libglib-2.0.so.0.4800.1
7ed4abfff000-7ed4ac000000 rw-p 00000000 00:00 0 
7ed4ac000000-7ed4ac021000 rw-p 00000000 00:00 0 
7ed4ac021000-7ed4b0000000 ---p 00000000 00:00 0 
7ed4b00cc000-7ed4b00f2000 r--s 003fe000 08:01 3588865                    /home/lohitkrishnan/spillBound/Libraries/visad.jar
7ed4b00f2000-7ed4b00f4000 r--s 0004e000 08:01 3588864                    /home/lohitkrishnan/spillBound/Libraries/vecmath.jar
7ed4b00f4000-7ed4b00f6000 r--s 00021000 08:01 3588863                    /home/lohitkrishnan/spillBound/Libraries/swing-layout-1.0.jar
7ed4b00f6000-7ed4b00fa000 r--s 0004f000 08:01 781745                     /usr/lib/jvm/java-7-openjdk-amd64/jre/lib/jsse.jar
7ed4b00fa000-7ed4b00fd000 r-xp 00000000 08:01 24607                      /usr/lib/x86_64-linux-gnu/libgmodule-2.0.so.0.4800.1
7ed4b00fd000-7ed4b02fc000 ---p 00003000 08:01 24607                      /usr/lib/x86_64-linux-gnu/libgmodule-2.0.so.0.4800.1
7ed4b02fc000-7ed4b02fd000 r--p 00002000 08:01 24607                      /usr/lib/x86_64-linux-gnu/libgmodule-2.0.so.0.4800.1
7ed4b02fd000-7ed4b02fe000 rw-p 00003000 08:01 24607                      /usr/lib/x86_64-linux-gnu/libgmodule-2.0.so.0.4800.1
7ed4b02fe000-7ed4b0350000 r-xp 00000000 08:01 24609                      /usr/lib/x86_64-linux-gnu/libgobject-2.0.so.0.4800.1
7ed4b0350000-7ed4b054f000 ---p 00052000 08:01 24609                      /usr/lib/x86_64-linux-gnu/libgobject-2.0.so.0.4800.1
7ed4b054f000-7ed4b0550000 r--p 00051000 08:01 24609                      /usr/lib/x86_64-linux-gnu/libgobject-2.0.so.0.4800.1
7ed4b0550000-7ed4b0551000 rw-p 00052000 08:01 24609                      /usr/lib/x86_64-linux-gnu/libgobject-2.0.so.0.4800.1
7ed4b0551000-7ed4b06d1000 r-xp 00000000 08:01 24608                      /usr/lib/x86_64-linux-gnu/libgio-2.0.so.0.4800.1
7ed4b06d1000-7ed4b08d1000 ---p 00180000 08:01 24608                      /usr/lib/x86_64-linux-gnu/libgio-2.0.so.0.4800.1
7ed4b08d1000-7ed4b08d5000 r--p 00180000 08:01 24608                      /usr/lib/x86_64-linux-gnu/libgio-2.0.so.0.4800.1
7ed4b08d5000-7ed4b08d7000 rw-p 00184000 08:01 24608                      /usr/lib/x86_64-linux-gnu/libgio-2.0.so.0.4800.1
7ed4b08d7000-7ed4b08d9000 rw-p 00000000 00:00 0 
7ed4b08da000-7ed4b08dc000 r--s 00018000 08:01 781670                     /usr/lib/jvm/java-7-openjdk-amd64/jre/lib/jce.jar
7ed4b08dc000-7ed4b08e1000 r--s 00063000 08:01 3588862                    /home/lohitkrishnan/spillBound/Libraries/sqljdbc4.jar
7ed4b08e1000-7ed4b08e6000 r--s 0005f000 08:01 3588861                    /home/lohitkrishnan/spillBound/Libraries/sqljdbc.jar
7ed4b08e6000-7ed4b08fd000 r-xp 00000000 08:01 781686                     /usr/lib/jvm/java-7-openjdk-amd64/jre/lib/amd64/libnet.so
7ed4b08fd000-7ed4b0afd000 ---p 00017000 08:01 781686                     /usr/lib/jvm/java-7-openjdk-amd64/jre/lib/amd64/libnet.so
7ed4b0afd000-7ed4b0afe000 r--p 00017000 08:01 781686                     /usr/lib/jvm/java-7-openjdk-amd64/jre/lib/amd64/libnet.so
7ed4b0afe000-7ed4b0aff000 rw-p 00018000 08:01 781686                     /usr/lib/jvm/java-7-openjdk-amd64/jre/lib/amd64/libnet.so
7ed4b0aff000-7ed4b0b10000 r-xp 00000000 08:01 781710                     /usr/lib/jvm/java-7-openjdk-amd64/jre/lib/amd64/libnio.so
7ed4b0b10000-7ed4b0d0f000 ---p 00011000 08:01 781710                     /usr/lib/jvm/java-7-openjdk-amd64/jre/lib/amd64/libnio.so
7ed4b0d0f000-7ed4b0d10000 r--p 00010000 08:01 781710                     /usr/lib/jvm/java-7-openjdk-amd64/jre/lib/amd64/libnio.so
7ed4b0d10000-7ed4b0d11000 rw-p 00011000 08:01 781710                     /usr/lib/jvm/java-7-openjdk-amd64/jre/lib/amd64/libnio.so
7ed4b0d11000-7ed4b0d17000 r--s 00068000 08:01 3588860                    /home/lohitkrishnan/spillBound/Libraries/postgresql-8.3-605.jdbc3.jar
7ed4b0d17000-7ed4b0d26000 r--s 00147000 08:01 3588859                    /home/lohitkrishnan/spillBound/Libraries/ojdbc14.jar
7ed4b0d26000-7ed4b0d2b000 r--s 00038000 08:01 3588857                    /home/lohitkrishnan/spillBound/Libraries/jgraphlayout.jar
7ed4b0d2b000-7ed4b0d2e000 r--s 00023000 08:01 3588856                    /home/lohitkrishnan/spillBound/Libraries/jgraph.jar
7ed4b0d2e000-7ed4b0d34000 r--s 0006a000 08:01 3588855                    /home/lohitkrishnan/spillBound/Libraries/jconn3.jar
7ed4b0d34000-7ed4b0d42000 r--s 00192000 08:01 3588852                    /home/lohitkrishnan/spillBound/Libraries/j3dutils.jar
7ed4b0d42000-7ed4b0d4e000 r--s 002c7000 08:01 3588851                    /home/lohitkrishnan/spillBound/Libraries/j3dcore.jar
7ed4b0d4e000-7ed4b0d5b000 r--s 000fa000 08:01 3588849                    /home/lohitkrishnan/spillBound/Libraries/db2jcc.jar
7ed4b0d5b000-7ed4b0d61000 r--s 00098000 08:01 3588843                    /home/lohitkrishnan/spillBound/Libraries/common-lang3.jar
7ed4b0d61000-7ed4b0d62000 ---p 00000000 00:00 0 
7ed4b0d62000-7ed4b0e62000 rw-p 00000000 00:00 0 
7ed4b0e62000-7ed4b0e65000 ---p 00000000 00:00 0 
7ed4b0e65000-7ed4b0f63000 rw-p 00000000 00:00 0 
7ed4b0f63000-7ed4b0f66000 ---p 00000000 00:00 0 
7ed4b0f66000-7ed4b1064000 rw-p 00000000 00:00 0 
7ed4b1064000-7ed4b1067000 ---p 00000000 00:00 0 
7ed4b1067000-7ed4b1165000 rw-p 00000000 00:00 0 
7ed4b1165000-7ed4b1168000 ---p 00000000 00:00 0 
7ed4b1168000-7ed4b1266000 rw-p 00000000 00:00 0 
7ed4b1266000-7ed4b1269000 ---p 00000000 00:00 0 
7ed4b1269000-7ed4b1367000 rw-p 00000000 00:00 0 
7ed4b1367000-7ed4b136a000 ---p 00000000 00:00 0 
7ed4b136a000-7ed4b1468000 rw-p 00000000 00:00 0 
7ed4b1468000-7ed4b146c000 r-xp 00000000 08:01 781704                     /usr/lib/jvm/java-7-openjdk-amd64/jre/lib/amd64/libdt_socket.so
7ed4b146c000-7ed4b166b000 ---p 00004000 08:01 781704                     /usr/lib/jvm/java-7-openjdk-amd64/jre/lib/amd64/libdt_socket.so
7ed4b166b000-7ed4b166c000 r--p 00003000 08:01 781704                     /usr/lib/jvm/java-7-openjdk-amd64/jre/lib/amd64/libdt_socket.so
7ed4b166c000-7ed4b166d000 rw-p 00004000 08:01 781704                     /usr/lib/jvm/java-7-openjdk-amd64/jre/lib/amd64/libdt_socket.so
7ed4b166d000-7ed4b1670000 ---p 00000000 00:00 0 
7ed4b1670000-7ed4b176e000 rw-p 00000000 00:00 0 
7ed4b176e000-7ed4b1771000 ---p 00000000 00:00 0 
7ed4b1771000-7ed4b186f000 rw-p 00000000 00:00 0 
7ed4b186f000-7ed4b1872000 ---p 00000000 00:00 0 
7ed4b1872000-7ed4b1970000 rw-p 00000000 00:00 0 
7ed4b1970000-7ed4b1971000 ---p 00000000 00:00 0 
7ed4b1971000-7ed4b4000000 rw-p 00000000 00:00 0 
7ed4b4000000-7ed4b4021000 rw-p 00000000 00:00 0 
7ed4b4021000-7ed4b8000000 ---p 00000000 00:00 0 
7ed4b8000000-7ed4b8021000 rw-p 00000000 00:00 0 
7ed4b8021000-7ed4bc000000 ---p 00000000 00:00 0 
7ed4bc000000-7ed4bc021000 rw-p 00000000 00:00 0 
7ed4bc021000-7ed4c0000000 ---p 00000000 00:00 0 
7ed4c0000000-7ed4c0021000 rw-p 00000000 00:00 0 
7ed4c0021000-7ed4c4000000 ---p 00000000 00:00 0 
7ed4c4000000-7ed4c4021000 rw-p 00000000 00:00 0 
7ed4c4021000-7ed4c8000000 ---p 00000000 00:00 0 
7ed4c8000000-7ed4c8021000 rw-p 00000000 00:00 0 
7ed4c8021000-7ed4cc000000 ---p 00000000 00:00 0 
7ed4cc000000-7ed4cc021000 rw-p 00000000 00:00 0 
7ed4cc021000-7ed4d0000000 ---p 00000000 00:00 0 
7ed4d0000000-7ed4d0021000 rw-p 00000000 00:00 0 
7ed4d0021000-7ed4d4000000 ---p 00000000 00:00 0 
7ed4d4000000-7ed4d4021000 rw-p 00000000 00:00 0 
7ed4d4021000-7ed4d8000000 ---p 00000000 00:00 0 
7ed4d8000000-7ed4d8021000 rw-p 00000000 00:00 0 
7ed4d8021000-7ed4dc000000 ---p 00000000 00:00 0 
7ed4dc000000-7ed4dc021000 rw-p 00000000 00:00 0 
7ed4dc021000-7ed4e0000000 ---p 00000000 00:00 0 
7ed4e0000000-7ed4e0021000 rw-p 00000000 00:00 0 
7ed4e0021000-7ed4e4000000 ---p 00000000 00:00 0 
7ed4e4000000-7ed4e4021000 rw-p 00000000 00:00 0 
7ed4e4021000-7ed4e8000000 ---p 00000000 00:00 0 
7ed4e8000000-7ed4e8021000 rw-p 00000000 00:00 0 
7ed4e8021000-7ed4ec000000 ---p 00000000 00:00 0 
7ed4ec000000-7ed4ec021000 rw-p 00000000 00:00 0 
7ed4ec021000-7ed4f0000000 ---p 00000000 00:00 0 
7ed4f0001000-7ed4f0005000 r--s 00085000 08:01 781742                     /usr/lib/jvm/java-7-openjdk-amd64/jre/lib/ext/localedata.jar
7ed4f0005000-7ed4f261f000 rw-p 00000000 00:00 0 
7ed4f261f000-7ed4f27d0000 r--s 01d30000 08:01 781725                     /usr/lib/jvm/java-7-openjdk-amd64/jre/lib/rt.jar
7ed4f27d0000-7ed4f37ea000 rw-p 00000000 00:00 0 
7ed4f37ea000-7ed4f37eb000 ---p 00000000 00:00 0 
7ed4f37eb000-7ed4f38eb000 rw-p 00000000 00:00 0 
7ed4f38eb000-7ed4f38ec000 ---p 00000000 00:00 0 
7ed4f38ec000-7ed4f39ec000 rw-p 00000000 00:00 0 
7ed4f39ec000-7ed4f39ed000 ---p 00000000 00:00 0 
7ed4f39ed000-7ed4f3aed000 rw-p 00000000 00:00 0 
7ed4f3aed000-7ed4f3aee000 ---p 00000000 00:00 0 
7ed4f3aee000-7ed4f3bee000 rw-p 00000000 00:00 0 
7ed4f3bee000-7ed4f3bef000 ---p 00000000 00:00 0 
7ed4f3bef000-7ed4f3cef000 rw-p 00000000 00:00 0 
7ed4f3cef000-7ed4f3cf0000 ---p 00000000 00:00 0 
7ed4f3cf0000-7ed4f3df0000 rw-p 00000000 00:00 0 
7ed4f3df0000-7ed4f3df1000 ---p 00000000 00:00 0 
7ed4f3df1000-7ed4f3ef1000 rw-p 00000000 00:00 0 
7ed4f3ef1000-7ed4f3ef2000 ---p 00000000 00:00 0 
7ed4f3ef2000-7ed4f3ff2000 rw-p 00000000 00:00 0 
7ed4f3ff2000-7ed4f3ff3000 ---p 00000000 00:00 0 
7ed4f3ff3000-7ed4f40f3000 rw-p 00000000 00:00 0 
7ed4f40f3000-7ed4f40f4000 ---p 00000000 00:00 0 
7ed4f40f4000-7ed4f41f4000 rw-p 00000000 00:00 0 
7ed4f41f4000-7ed4f41f5000 ---p 00000000 00:00 0 
7ed4f41f5000-7ed4f42f5000 rw-p 00000000 00:00 0 
7ed4f42f5000-7ed4f42f6000 ---p 00000000 00:00 0 
7ed4f42f6000-7ed4f43f6000 rw-p 00000000 00:00 0 
7ed4f43f6000-7ed4f43f7000 ---p 00000000 00:00 0 
7ed4f43f7000-7ed4f44f7000 rw-p 00000000 00:00 0 
7ed4f44f7000-7ed4f44f8000 ---p 00000000 00:00 0 
7ed4f44f8000-7ed4f45f8000 rw-p 00000000 00:00 0 
7ed4f45f8000-7ed4f45f9000 ---p 00000000 00:00 0 
7ed4f45f9000-7ed4f46f9000 rw-p 00000000 00:00 0 
7ed4f46f9000-7ed4f46fa000 ---p 00000000 00:00 0 
7ed4f46fa000-7ed4f47fa000 rw-p 00000000 00:00 0 
7ed4f47fa000-7ed4f47fb000 ---p 00000000 00:00 0 
7ed4f47fb000-7ed4f48fb000 rw-p 00000000 00:00 0 
7ed4f48fb000-7ed4f48fc000 ---p 00000000 00:00 0 
7ed4f48fc000-7ed4f49fc000 rw-p 00000000 00:00 0 
7ed4f49fc000-7ed4f49fd000 ---p 00000000 00:00 0 
7ed4f49fd000-7ed4f4afd000 rw-p 00000000 00:00 0 
7ed4f4afd000-7ed4f4afe000 ---p 00000000 00:00 0 
7ed4f4afe000-7ed4f4bfe000 rw-p 00000000 00:00 0 
7ed4f4bfe000-7ed4f4bff000 ---p 00000000 00:00 0 
7ed4f4bff000-7ed4f4cff000 rw-p 00000000 00:00 0 
7ed4f4cff000-7ed4f4d00000 ---p 00000000 00:00 0 
7ed4f4d00000-7ed4f4e00000 rw-p 00000000 00:00 0 
7ed4f4e00000-7ed4f4e01000 ---p 00000000 00:00 0 
7ed4f4e01000-7ed4f7ad0000 rw-p 00000000 00:00 0 
7ed4f7ad0000-7ed5059ac000 rw-p 00000000 00:00 0 
7ed5059ac000-7ed5059b7000 rw-p 00000000 00:00 0 
7ed5059b7000-7ed5059ff000 rw-p 00000000 00:00 0 
7ed5059ff000-7ed5085ce000 rw-p 00000000 00:00 0 
7ed5085ce000-7ed5164a9000 rw-p 00000000 00:00 0 
7ed5164a9000-7ed51683b000 rw-p 00000000 00:00 0 
7ed51683b000-7ed5171be000 ---p 00000000 00:00 0 
7ed5171be000-7ed51e9ff000 rw-p 00000000 00:00 0 
7ed51e9ff000-7ed51ff00000 rw-p 00000000 00:00 0 
7ed51ff00000-7ed529000000 rw-p 00000000 00:00 0 
7ed529000000-7edaa2d00000 rw-p 00000000 00:00 0 
7edb34d00000-7ef67e500000 rw-p 00000000 00:00 0 
7ef67e500000-7ef6f0700000 rw-p 00000000 00:00 0 
7ef6f0700000-7ef820e00000 ---p 00000000 00:00 0 
7ef820e00000-7f0729000000 rw-p 00000000 00:00 0 
7f0729000000-7f0729270000 rwxp 00000000 00:00 0 
7f0729270000-7f072c2ec000 rw-p 00000000 00:00 0 
7f072c2ec000-7f0730000000 ---p 00000000 00:00 0 
7f0730000000-7f0730001000 r--s 00002000 08:01 3588858                    /home/lohitkrishnan/spillBound/Libraries/linpack.jar
7f0730001000-7f0730002000 r--s 00000000 08:01 3588850                    /home/lohitkrishnan/spillBound/Libraries/db2jcc_license_cu.jar
7f0730002000-7f0730003000 r--s 00095000 08:01 3588844                    /home/lohitkrishnan/spillBound/Libraries/common-lang3.jar.zip
7f0730003000-7f0730006000 r--s 0000f000 08:01 781741                     /usr/lib/jvm/java-7-openjdk-amd64/jre/lib/ext/icedtea-sound.jar
7f0730006000-7f073000a000 r--s 0003c000 08:01 781743                     /usr/lib/jvm/java-7-openjdk-amd64/jre/lib/ext/sunpkcs11.jar
7f073000a000-7f073000e000 r--s 00034000 08:01 781740                     /usr/lib/jvm/java-7-openjdk-amd64/jre/lib/ext/sunjce_provider.jar
7f073000e000-7f0730074000 rw-p 00000000 00:00 0 
7f0730074000-7f07300bc000 rw-p 00000000 00:00 0 
7f07300bc000-7f07300c4000 r-xp 00000000 08:01 781692                     /usr/lib/jvm/java-7-openjdk-amd64/jre/lib/amd64/libzip.so
7f07300c4000-7f07302c3000 ---p 00008000 08:01 781692                     /usr/lib/jvm/java-7-openjdk-amd64/jre/lib/amd64/libzip.so
7f07302c3000-7f07302c4000 r--p 00007000 08:01 781692                     /usr/lib/jvm/java-7-openjdk-amd64/jre/lib/amd64/libzip.so
7f07302c4000-7f07302c5000 rw-p 00008000 08:01 781692                     /usr/lib/jvm/java-7-openjdk-amd64/jre/lib/amd64/libzip.so
7f07302c5000-7f07302d0000 r-xp 00000000 08:01 2047                       /lib/x86_64-linux-gnu/libnss_files-2.23.so
7f07302d0000-7f07304cf000 ---p 0000b000 08:01 2047                       /lib/x86_64-linux-gnu/libnss_files-2.23.so
7f07304cf000-7f07304d0000 r--p 0000a000 08:01 2047                       /lib/x86_64-linux-gnu/libnss_files-2.23.so
7f07304d0000-7f07304d1000 rw-p 0000b000 08:01 2047                       /lib/x86_64-linux-gnu/libnss_files-2.23.so
7f07304d1000-7f07304d7000 rw-p 00000000 00:00 0 
7f07304d7000-7f07304e2000 r-xp 00000000 08:01 2044                       /lib/x86_64-linux-gnu/libnss_nis-2.23.so
7f07304e2000-7f07306e1000 ---p 0000b000 08:01 2044                       /lib/x86_64-linux-gnu/libnss_nis-2.23.so
7f07306e1000-7f07306e2000 r--p 0000a000 08:01 2044                       /lib/x86_64-linux-gnu/libnss_nis-2.23.so
7f07306e2000-7f07306e3000 rw-p 0000b000 08:01 2044                       /lib/x86_64-linux-gnu/libnss_nis-2.23.so
7f07306e3000-7f07306f9000 r-xp 00000000 08:01 2042                       /lib/x86_64-linux-gnu/libnsl-2.23.so
7f07306f9000-7f07308f8000 ---p 00016000 08:01 2042                       /lib/x86_64-linux-gnu/libnsl-2.23.so
7f07308f8000-7f07308f9000 r--p 00015000 08:01 2042                       /lib/x86_64-linux-gnu/libnsl-2.23.so
7f07308f9000-7f07308fa000 rw-p 00016000 08:01 2042                       /lib/x86_64-linux-gnu/libnsl-2.23.so
7f07308fa000-7f07308fc000 rw-p 00000000 00:00 0 
7f07308fc000-7f0730904000 r-xp 00000000 08:01 2040                       /lib/x86_64-linux-gnu/libnss_compat-2.23.so
7f0730904000-7f0730b03000 ---p 00008000 08:01 2040                       /lib/x86_64-linux-gnu/libnss_compat-2.23.so
7f0730b03000-7f0730b04000 r--p 00007000 08:01 2040                       /lib/x86_64-linux-gnu/libnss_compat-2.23.so
7f0730b04000-7f0730b05000 rw-p 00008000 08:01 2040                       /lib/x86_64-linux-gnu/libnss_compat-2.23.so
7f0730b05000-7f0730ddd000 r--p 00000000 08:01 27715                      /usr/lib/locale/locale-archive
7f0730ddd000-7f0730ddf000 r-xp 00000000 08:01 781672                     /usr/lib/jvm/java-7-openjdk-amd64/jre/lib/amd64/libnpt.so
7f0730ddf000-7f0730fdf000 ---p 00002000 08:01 781672                     /usr/lib/jvm/java-7-openjdk-amd64/jre/lib/amd64/libnpt.so
7f0730fdf000-7f0730fe0000 r--p 00002000 08:01 781672                     /usr/lib/jvm/java-7-openjdk-amd64/jre/lib/amd64/libnpt.so
7f0730fe0000-7f0730fe1000 rw-p 00003000 08:01 781672                     /usr/lib/jvm/java-7-openjdk-amd64/jre/lib/amd64/libnpt.so
7f0730fe1000-7f073101c000 r-xp 00000000 08:01 781673                     /usr/lib/jvm/java-7-openjdk-amd64/jre/lib/amd64/libjdwp.so
7f073101c000-7f073121c000 ---p 0003b000 08:01 781673                     /usr/lib/jvm/java-7-openjdk-amd64/jre/lib/amd64/libjdwp.so
7f073121c000-7f073121d000 r--p 0003b000 08:01 781673                     /usr/lib/jvm/java-7-openjdk-amd64/jre/lib/amd64/libjdwp.so
7f073121d000-7f073121e000 rw-p 0003c000 08:01 781673                     /usr/lib/jvm/java-7-openjdk-amd64/jre/lib/amd64/libjdwp.so
7f073121e000-7f073124a000 r-xp 00000000 08:01 781677                     /usr/lib/jvm/java-7-openjdk-amd64/jre/lib/amd64/libjava.so
7f073124a000-7f0731449000 ---p 0002c000 08:01 781677                     /usr/lib/jvm/java-7-openjdk-amd64/jre/lib/amd64/libjava.so
7f0731449000-7f073144a000 r--p 0002b000 08:01 781677                     /usr/lib/jvm/java-7-openjdk-amd64/jre/lib/amd64/libjava.so
7f073144a000-7f073144c000 rw-p 0002c000 08:01 781677                     /usr/lib/jvm/java-7-openjdk-amd64/jre/lib/amd64/libjava.so
7f073144c000-7f073145b000 r-xp 00000000 08:01 781678                     /usr/lib/jvm/java-7-openjdk-amd64/jre/lib/amd64/libverify.so
7f073145b000-7f073165a000 ---p 0000f000 08:01 781678                     /usr/lib/jvm/java-7-openjdk-amd64/jre/lib/amd64/libverify.so
7f073165a000-7f073165c000 r--p 0000e000 08:01 781678                     /usr/lib/jvm/java-7-openjdk-amd64/jre/lib/amd64/libverify.so
7f073165c000-7f073165d000 rw-p 00010000 08:01 781678                     /usr/lib/jvm/java-7-openjdk-amd64/jre/lib/amd64/libverify.so
7f073165d000-7f0731664000 r-xp 00000000 08:01 2097                       /lib/x86_64-linux-gnu/librt-2.23.so
7f0731664000-7f0731863000 ---p 00007000 08:01 2097                       /lib/x86_64-linux-gnu/librt-2.23.so
7f0731863000-7f0731864000 r--p 00006000 08:01 2097                       /lib/x86_64-linux-gnu/librt-2.23.so
7f0731864000-7f0731865000 rw-p 00007000 08:01 2097                       /lib/x86_64-linux-gnu/librt-2.23.so
7f0731865000-7f073187b000 r-xp 00000000 08:01 2053                       /lib/x86_64-linux-gnu/libgcc_s.so.1
7f073187b000-7f0731a7a000 ---p 00016000 08:01 2053                       /lib/x86_64-linux-gnu/libgcc_s.so.1
7f0731a7a000-7f0731a7b000 rw-p 00015000 08:01 2053                       /lib/x86_64-linux-gnu/libgcc_s.so.1
7f0731a7b000-7f0731b83000 r-xp 00000000 08:01 2094                       /lib/x86_64-linux-gnu/libm-2.23.so
7f0731b83000-7f0731d82000 ---p 00108000 08:01 2094                       /lib/x86_64-linux-gnu/libm-2.23.so
7f0731d82000-7f0731d83000 r--p 00107000 08:01 2094                       /lib/x86_64-linux-gnu/libm-2.23.so
7f0731d83000-7f0731d84000 rw-p 00108000 08:01 2094                       /lib/x86_64-linux-gnu/libm-2.23.so
7f0731d84000-7f0731ef6000 r-xp 00000000 08:01 24552                      /usr/lib/x86_64-linux-gnu/libstdc++.so.6.0.21
7f0731ef6000-7f07320f6000 ---p 00172000 08:01 24552                      /usr/lib/x86_64-linux-gnu/libstdc++.so.6.0.21
7f07320f6000-7f0732100000 r--p 00172000 08:01 24552                      /usr/lib/x86_64-linux-gnu/libstdc++.so.6.0.21
7f0732100000-7f0732102000 rw-p 0017c000 08:01 24552                      /usr/lib/x86_64-linux-gnu/libstdc++.so.6.0.21
7f0732102000-7f0732106000 rw-p 00000000 00:00 0 
7f0732106000-7f0732c56000 r-xp 00000000 08:01 781690                     /usr/lib/jvm/java-7-openjdk-amd64/jre/lib/amd64/server/libjvm.so
7f0732c56000-7f0732e55000 ---p 00b50000 08:01 781690                     /usr/lib/jvm/java-7-openjdk-amd64/jre/lib/amd64/server/libjvm.so
7f0732e55000-7f0732ee6000 r--p 00b4f000 08:01 781690                     /usr/lib/jvm/java-7-openjdk-amd64/jre/lib/amd64/server/libjvm.so
7f0732ee6000-7f0732f09000 rw-p 00be0000 08:01 781690                     /usr/lib/jvm/java-7-openjdk-amd64/jre/lib/amd64/server/libjvm.so
7f0732f09000-7f0732f34000 rw-p 00000000 00:00 0 
7f0732f34000-7f0732f4d000 r-xp 00000000 08:01 2076                       /lib/x86_64-linux-gnu/libz.so.1.2.8
7f0732f4d000-7f073314c000 ---p 00019000 08:01 2076                       /lib/x86_64-linux-gnu/libz.so.1.2.8
7f073314c000-7f073314d000 r--p 00018000 08:01 2076                       /lib/x86_64-linux-gnu/libz.so.1.2.8
7f073314d000-7f073314e000 rw-p 00019000 08:01 2076                       /lib/x86_64-linux-gnu/libz.so.1.2.8
7f073314e000-7f0733166000 r-xp 00000000 08:01 2101                       /lib/x86_64-linux-gnu/libpthread-2.23.so
7f0733166000-7f0733365000 ---p 00018000 08:01 2101                       /lib/x86_64-linux-gnu/libpthread-2.23.so
7f0733365000-7f0733366000 r--p 00017000 08:01 2101                       /lib/x86_64-linux-gnu/libpthread-2.23.so
7f0733366000-7f0733367000 rw-p 00018000 08:01 2101                       /lib/x86_64-linux-gnu/libpthread-2.23.so
7f0733367000-7f073336b000 rw-p 00000000 00:00 0 
7f073336b000-7f073336e000 r-xp 00000000 08:01 2103                       /lib/x86_64-linux-gnu/libdl-2.23.so
7f073336e000-7f073356d000 ---p 00003000 08:01 2103                       /lib/x86_64-linux-gnu/libdl-2.23.so
7f073356d000-7f073356e000 r--p 00002000 08:01 2103                       /lib/x86_64-linux-gnu/libdl-2.23.so
7f073356e000-7f073356f000 rw-p 00003000 08:01 2103                       /lib/x86_64-linux-gnu/libdl-2.23.so
7f073356f000-7f073372f000 r-xp 00000000 08:01 2102                       /lib/x86_64-linux-gnu/libc-2.23.so
7f073372f000-7f073392e000 ---p 001c0000 08:01 2102                       /lib/x86_64-linux-gnu/libc-2.23.so
7f073392e000-7f0733932000 r--p 001bf000 08:01 2102                       /lib/x86_64-linux-gnu/libc-2.23.so
7f0733932000-7f0733934000 rw-p 001c3000 08:01 2102                       /lib/x86_64-linux-gnu/libc-2.23.so
7f0733934000-7f0733938000 rw-p 00000000 00:00 0 
7f0733938000-7f0733945000 r-xp 00000000 08:01 781707                     /usr/lib/jvm/java-7-openjdk-amd64/jre/lib/amd64/jli/libjli.so
7f0733945000-7f0733b44000 ---p 0000d000 08:01 781707                     /usr/lib/jvm/java-7-openjdk-amd64/jre/lib/amd64/jli/libjli.so
7f0733b44000-7f0733b45000 r--p 0000c000 08:01 781707                     /usr/lib/jvm/java-7-openjdk-amd64/jre/lib/amd64/jli/libjli.so
7f0733b45000-7f0733b46000 rw-p 0000d000 08:01 781707                     /usr/lib/jvm/java-7-openjdk-amd64/jre/lib/amd64/jli/libjli.so
7f0733b46000-7f0733b6c000 r-xp 00000000 08:01 2098                       /lib/x86_64-linux-gnu/ld-2.23.so
7f0733b6c000-7f0733b6e000 r--s 00012000 08:01 781739                     /usr/lib/jvm/java-7-openjdk-amd64/jre/lib/ext/zipfs.jar
7f0733b6e000-7f0733ba0000 rw-p 00000000 00:00 0 
7f0733ba0000-7f0733c56000 rw-p 00000000 00:00 0 
7f0733c56000-7f0733c59000 ---p 00000000 00:00 0 
7f0733c59000-7f0733d5c000 rw-p 00000000 00:00 0 
7f0733d5c000-7f0733d5d000 r--s 00002000 08:01 781738                     /usr/lib/jvm/java-7-openjdk-amd64/jre/lib/ext/dnsns.jar
7f0733d5d000-7f0733d5f000 r--s 00007000 08:01 68626                      /usr/share/java/java-atk-wrapper.jar
7f0733d5f000-7f0733d67000 rw-s 00000000 08:01 4096213                    /tmp/hsperfdata_lohitkrishnan/25899
7f0733d67000-7f0733d68000 rw-p 00000000 00:00 0 
7f0733d68000-7f0733d69000 ---p 00000000 00:00 0 
7f0733d69000-7f0733d6b000 rw-p 00000000 00:00 0 
7f0733d6b000-7f0733d6c000 r--p 00025000 08:01 2098                       /lib/x86_64-linux-gnu/ld-2.23.so
7f0733d6c000-7f0733d6d000 rw-p 00026000 08:01 2098                       /lib/x86_64-linux-gnu/ld-2.23.so
7f0733d6d000-7f0733d6e000 rw-p 00000000 00:00 0 
7fffa3d26000-7fffa3d47000 rw-p 00000000 00:00 0                          [stack]
7fffa3d52000-7fffa3d54000 r--p 00000000 00:00 0                          [vvar]
7fffa3d54000-7fffa3d56000 r-xp 00000000 00:00 0                          [vdso]
ffffffffff600000-ffffffffff601000 r-xp 00000000 00:00 0                  [vsyscall]

VM Arguments:
jvm_args: -agentlib:jdwp=transport=dt_socket,suspend=y,address=localhost:38069 -ea -Xmx200g -Dfile.encoding=UTF-8 
java_command: OptSB
Launcher Type: SUN_STANDARD

Environment Variables:
PATH=/home/lohitkrishnan/bin:/home/lohitkrishnan/.local/bin:/usr/local/sbin:/usr/local/bin:/usr/sbin:/usr/bin:/sbin:/bin:/usr/games:/usr/local/games:/snap/bin
SHELL=/bin/bash
DISPLAY=:1.0

Signal Handlers:
SIGSEGV: [libjvm.so+0x994310], sa_mask[0]=0x7ffbfeff, sa_flags=0x10000004
SIGBUS: [libjvm.so+0x994310], sa_mask[0]=0x7ffbfeff, sa_flags=0x10000004
SIGFPE: [libjvm.so+0x7fb870], sa_mask[0]=0x7ffbfeff, sa_flags=0x10000004
SIGPIPE: [libjvm.so+0x7fb870], sa_mask[0]=0x7ffbfeff, sa_flags=0x10000004
SIGXFSZ: [libjvm.so+0x7fb870], sa_mask[0]=0x7ffbfeff, sa_flags=0x10000004
SIGILL: [libjvm.so+0x7fb870], sa_mask[0]=0x7ffbfeff, sa_flags=0x10000004
SIGUSR1: SIG_DFL, sa_mask[0]=0x00000000, sa_flags=0x00000000
SIGUSR2: [libjvm.so+0x7fb6f0], sa_mask[0]=0x00000004, sa_flags=0x10000004
SIGHUP: [libjvm.so+0x7fb880], sa_mask[0]=0x7ffbfeff, sa_flags=0x10000004
SIGINT: [libjvm.so+0x7fb880], sa_mask[0]=0x7ffbfeff, sa_flags=0x10000004
SIGTERM: [libjvm.so+0x7fb880], sa_mask[0]=0x7ffbfeff, sa_flags=0x10000004
SIGQUIT: [libjvm.so+0x7fb880], sa_mask[0]=0x7ffbfeff, sa_flags=0x10000004
SIGTRAP: SIG_DFL, sa_mask[0]=0x00000000, sa_flags=0x00000000


---------------  S Y S T E M  ---------------

OS:Ubuntu 16.04 (xenial)
uname:Linux 4.4.0-31-generic #50-Ubuntu SMP Wed Jul 13 00:07:12 UTC 2016 x86_64
libc:glibc 2.23 NPTL 2.23 
rlimit: STACK 8192k, CORE 0k, NPROC 115736, NOFILE 1000000, AS infinity
load average:3.64 1.46 0.69

/proc/meminfo:
MemTotal:       29639676 kB
MemFree:         1454768 kB
MemAvailable:    1655632 kB
Buffers:          149500 kB
Cached:           376356 kB
SwapCached:            0 kB
Active:         27558332 kB
Inactive:         107940 kB
Active(anon):   27143756 kB
Inactive(anon):    41132 kB
Active(file):     414576 kB
Inactive(file):    66808 kB
Unevictable:        3692 kB
Mlocked:            3692 kB
SwapTotal:             0 kB
SwapFree:              0 kB
Dirty:                64 kB
Writeback:             0 kB
AnonPages:      27218260 kB
Mapped:           266980 kB
Shmem:             41832 kB
Slab:             117812 kB
SReclaimable:      49968 kB
SUnreclaim:        67844 kB
KernelStack:       11904 kB
PageTables:        72276 kB
NFS_Unstable:          0 kB
Bounce:                0 kB
WritebackTmp:          0 kB
CommitLimit:    14819836 kB
Committed_AS:   37336752 kB
VmallocTotal:   34359738367 kB
VmallocUsed:           0 kB
VmallocChunk:          0 kB
HardwareCorrupted:     0 kB
AnonHugePages:  26642432 kB
CmaTotal:              0 kB
CmaFree:               0 kB
HugePages_Total:       0
HugePages_Free:        0
HugePages_Rsvd:        0
HugePages_Surp:        0
Hugepagesize:       2048 kB
DirectMap4k:      162800 kB
DirectMap2M:    11161600 kB
DirectMap1G:    18874368 kB


CPU:total 32 (12 cores per cpu, 2 threads per core) family 6 model 62 stepping 4, cmov, cx8, fxsr, mmx, sse, sse2, sse3, ssse3, sse4.1, sse4.2, popcnt, avx, aes, erms, ht, tsc, tscinvbit

/proc/cpuinfo:
processor	: 0
vendor_id	: GenuineIntel
cpu family	: 6
model		: 62
model name	: Intel(R) Xeon(R) CPU @ 2.50GHz
stepping	: 4
microcode	: 0x1
cpu MHz		: 2500.000
cache size	: 30720 KB
physical id	: 0
siblings	: 32
core id		: 0
cpu cores	: 16
apicid		: 0
initial apicid	: 0
fpu		: yes
fpu_exception	: yes
cpuid level	: 13
wp		: yes
flags		: fpu vme de pse tsc msr pae mce cx8 apic sep mtrr pge mca cmov pat pse36 clflush mmx fxsr sse sse2 ss ht syscall nx pdpe1gb rdtscp lm constant_tsc nopl xtopology nonstop_tsc eagerfpu pni pclmulqdq ssse3 cx16 sse4_1 sse4_2 x2apic popcnt aes xsave avx f16c rdrand hypervisor lahf_lm fsgsbase smep xsaveopt
bugs		:
bogomips	: 5000.00
clflush size	: 64
cache_alignment	: 64
address sizes	: 46 bits physical, 48 bits virtual
power management:

processor	: 1
vendor_id	: GenuineIntel
cpu family	: 6
model		: 62
model name	: Intel(R) Xeon(R) CPU @ 2.50GHz
stepping	: 4
microcode	: 0x1
cpu MHz		: 2500.000
cache size	: 30720 KB
physical id	: 0
siblings	: 32
core id		: 0
cpu cores	: 16
apicid		: 1
initial apicid	: 1
fpu		: yes
fpu_exception	: yes
cpuid level	: 13
wp		: yes
flags		: fpu vme de pse tsc msr pae mce cx8 apic sep mtrr pge mca cmov pat pse36 clflush mmx fxsr sse sse2 ss ht syscall nx pdpe1gb rdtscp lm constant_tsc nopl xtopology nonstop_tsc eagerfpu pni pclmulqdq ssse3 cx16 sse4_1 sse4_2 x2apic popcnt aes xsave avx f16c rdrand hypervisor lahf_lm fsgsbase smep xsaveopt
bugs		:
bogomips	: 5000.00
clflush size	: 64
cache_alignment	: 64
address sizes	: 46 bits physical, 48 bits virtual
power management:

processor	: 2
vendor_id	: GenuineIntel
cpu family	: 6
model		: 62
model name	: Intel(R) Xeon(R) CPU @ 2.50GHz
stepping	: 4
microcode	: 0x1
cpu MHz		: 2500.000
cache size	: 30720 KB
physical id	: 0
siblings	: 32
core id		: 1
cpu cores	: 16
apicid		: 2
initial apicid	: 2
fpu		: yes
fpu_exception	: yes
cpuid level	: 13
wp		: yes
flags		: fpu vme de pse tsc msr pae mce cx8 apic sep mtrr pge mca cmov pat pse36 clflush mmx fxsr sse sse2 ss ht syscall nx pdpe1gb rdtscp lm constant_tsc nopl xtopology nonstop_tsc eagerfpu pni pclmulqdq ssse3 cx16 sse4_1 sse4_2 x2apic popcnt aes xsave avx f16c rdrand hypervisor lahf_lm fsgsbase smep xsaveopt
bugs		:
bogomips	: 5000.00
clflush size	: 64
cache_alignment	: 64
address sizes	: 46 bits physical, 48 bits virtual
power management:

processor	: 3
vendor_id	: GenuineIntel
cpu family	: 6
model		: 62
model name	: Intel(R) Xeon(R) CPU @ 2.50GHz
stepping	: 4
microcode	: 0x1
cpu MHz		: 2500.000
cache size	: 30720 KB
physical id	: 0
siblings	: 32
core id		: 1
cpu cores	: 16
apicid		: 3
initial apicid	: 3
fpu		: yes
fpu_exception	: yes
cpuid level	: 13
wp		: yes
flags		: fpu vme de pse tsc msr pae mce cx8 apic sep mtrr pge mca cmov pat pse36 clflush mmx fxsr sse sse2 ss ht syscall nx pdpe1gb rdtscp lm constant_tsc nopl xtopology nonstop_tsc eagerfpu pni pclmulqdq ssse3 cx16 sse4_1 sse4_2 x2apic popcnt aes xsave avx f16c rdrand hypervisor lahf_lm fsgsbase smep xsaveopt
bugs		:
bogomips	: 5000.00
clflush size	: 64
cache_alignment	: 64
address sizes	: 46 bits physical, 48 bits virtual
power management:

processor	: 4
vendor_id	: GenuineIntel
cpu family	: 6
model		: 62
model name	: Intel(R) Xeon(R) CPU @ 2.50GHz
stepping	: 4
microcode	: 0x1
cpu MHz		: 2500.000
cache size	: 30720 KB
physical id	: 0
siblings	: 32
core id		: 2
cpu cores	: 16
apicid		: 4
initial apicid	: 4
fpu		: yes
fpu_exception	: yes
cpuid level	: 13
wp		: yes
flags		: fpu vme de pse tsc msr pae mce cx8 apic sep mtrr pge mca cmov pat pse36 clflush mmx fxsr sse sse2 ss ht syscall nx pdpe1gb rdtscp lm constant_tsc nopl xtopology nonstop_tsc eagerfpu pni pclmulqdq ssse3 cx16 sse4_1 sse4_2 x2apic popcnt aes xsave avx f16c rdrand hypervisor lahf_lm fsgsbase smep xsaveopt
bugs		:
bogomips	: 5000.00
clflush size	: 64
cache_alignment	: 64
address sizes	: 46 bits physical, 48 bits virtual
power management:

processor	: 5
vendor_id	: GenuineIntel
cpu family	: 6
model		: 62
model name	: Intel(R) Xeon(R) CPU @ 2.50GHz
stepping	: 4
microcode	: 0x1
cpu MHz		: 2500.000
cache size	: 30720 KB
physical id	: 0
siblings	: 32
core id		: 2
cpu cores	: 16
apicid		: 5
initial apicid	: 5
fpu		: yes
fpu_exception	: yes
cpuid level	: 13
wp		: yes
flags		: fpu vme de pse tsc msr pae mce cx8 apic sep mtrr pge mca cmov pat pse36 clflush mmx fxsr sse sse2 ss ht syscall nx pdpe1gb rdtscp lm constant_tsc nopl xtopology nonstop_tsc eagerfpu pni pclmulqdq ssse3 cx16 sse4_1 sse4_2 x2apic popcnt aes xsave avx f16c rdrand hypervisor lahf_lm fsgsbase smep xsaveopt
bugs		:
bogomips	: 5000.00
clflush size	: 64
cache_alignment	: 64
address sizes	: 46 bits physical, 48 bits virtual
power management:

processor	: 6
vendor_id	: GenuineIntel
cpu family	: 6
model		: 62
model name	: Intel(R) Xeon(R) CPU @ 2.50GHz
stepping	: 4
microcode	: 0x1
cpu MHz		: 2500.000
cache size	: 30720 KB
physical id	: 0
siblings	: 32
core id		: 3
cpu cores	: 16
apicid		: 6
initial apicid	: 6
fpu		: yes
fpu_exception	: yes
cpuid level	: 13
wp		: yes
flags		: fpu vme de pse tsc msr pae mce cx8 apic sep mtrr pge mca cmov pat pse36 clflush mmx fxsr sse sse2 ss ht syscall nx pdpe1gb rdtscp lm constant_tsc nopl xtopology nonstop_tsc eagerfpu pni pclmulqdq ssse3 cx16 sse4_1 sse4_2 x2apic popcnt aes xsave avx f16c rdrand hypervisor lahf_lm fsgsbase smep xsaveopt
bugs		:
bogomips	: 5000.00
clflush size	: 64
cache_alignment	: 64
address sizes	: 46 bits physical, 48 bits virtual
power management:

processor	: 7
vendor_id	: GenuineIntel
cpu family	: 6
model		: 62
model name	: Intel(R) Xeon(R) CPU @ 2.50GHz
stepping	: 4
microcode	: 0x1
cpu MHz		: 2500.000
cache size	: 30720 KB
physical id	: 0
siblings	: 32
core id		: 3
cpu cores	: 16
apicid		: 7
initial apicid	: 7
fpu		: yes
fpu_exception	: yes
cpuid level	: 13
wp		: yes
flags		: fpu vme de pse tsc msr pae mce cx8 apic sep mtrr pge mca cmov pat pse36 clflush mmx fxsr sse sse2 ss ht syscall nx pdpe1gb rdtscp lm constant_tsc nopl xtopology nonstop_tsc eagerfpu pni pclmulqdq ssse3 cx16 sse4_1 sse4_2 x2apic popcnt aes xsave avx f16c rdrand hypervisor lahf_lm fsgsbase smep xsaveopt
bugs		:
bogomips	: 5000.00
clflush size	: 64
cache_alignment	: 64
address sizes	: 46 bits physical, 48 bits virtual
power management:

processor	: 8
vendor_id	: GenuineIntel
cpu family	: 6
model		: 62
model name	: Intel(R) Xeon(R) CPU @ 2.50GHz
stepping	: 4
microcode	: 0x1
cpu MHz		: 2500.000
cache size	: 30720 KB
physical id	: 0
siblings	: 32
core id		: 4
cpu cores	: 16
apicid		: 8
initial apicid	: 8
fpu		: yes
fpu_exception	: yes
cpuid level	: 13
wp		: yes
flags		: fpu vme de pse tsc msr pae mce cx8 apic sep mtrr pge mca cmov pat pse36 clflush mmx fxsr sse sse2 ss ht syscall nx pdpe1gb rdtscp lm constant_tsc nopl xtopology nonstop_tsc eagerfpu pni pclmulqdq ssse3 cx16 sse4_1 sse4_2 x2apic popcnt aes xsave avx f16c rdrand hypervisor lahf_lm fsgsbase smep xsaveopt
bugs		:
bogomips	: 5000.00
clflush size	: 64
cache_alignment	: 64
address sizes	: 46 bits physical, 48 bits virtual
power management:

processor	: 9
vendor_id	: GenuineIntel
cpu family	: 6
model		: 62
model name	: Intel(R) Xeon(R) CPU @ 2.50GHz
stepping	: 4
microcode	: 0x1
cpu MHz		: 2500.000
cache size	: 30720 KB
physical id	: 0
siblings	: 32
core id		: 4
cpu cores	: 16
apicid		: 9
initial apicid	: 9
fpu		: yes
fpu_exception	: yes
cpuid level	: 13
wp		: yes
flags		: fpu vme de pse tsc msr pae mce cx8 apic sep mtrr pge mca cmov pat pse36 clflush mmx fxsr sse sse2 ss ht syscall nx pdpe1gb rdtscp lm constant_tsc nopl xtopology nonstop_tsc eagerfpu pni pclmulqdq ssse3 cx16 sse4_1 sse4_2 x2apic popcnt aes xsave avx f16c rdrand hypervisor lahf_lm fsgsbase smep xsaveopt
bugs		:
bogomips	: 5000.00
clflush size	: 64
cache_alignment	: 64
address sizes	: 46 bits physical, 48 bits virtual
power management:

processor	: 10
vendor_id	: GenuineIntel
cpu family	: 6
model		: 62
model name	: Intel(R) Xeon(R) CPU @ 2.50GHz
stepping	: 4
microcode	: 0x1
cpu MHz		: 2500.000
cache size	: 30720 KB
physical id	: 0
siblings	: 32
core id		: 5
cpu cores	: 16
apicid		: 10
initial apicid	: 10
fpu		: yes
fpu_exception	: yes
cpuid level	: 13
wp		: yes
flags		: fpu vme de pse tsc msr pae mce cx8 apic sep mtrr pge mca cmov pat pse36 clflush mmx fxsr sse sse2 ss ht syscall nx pdpe1gb rdtscp lm constant_tsc nopl xtopology nonstop_tsc eagerfpu pni pclmulqdq ssse3 cx16 sse4_1 sse4_2 x2apic popcnt aes xsave avx f16c rdrand hypervisor lahf_lm fsgsbase smep xsaveopt
bugs		:
bogomips	: 5000.00
clflush size	: 64
cache_alignment	: 64
address sizes	: 46 bits physical, 48 bits virtual
power management:

processor	: 11
vendor_id	: GenuineIntel
cpu family	: 6
model		: 62
model name	: Intel(R) Xeon(R) CPU @ 2.50GHz
stepping	: 4
microcode	: 0x1
cpu MHz		: 2500.000
cache size	: 30720 KB
physical id	: 0
siblings	: 32
core id		: 5
cpu cores	: 16
apicid		: 11
initial apicid	: 11
fpu		: yes
fpu_exception	: yes
cpuid level	: 13
wp		: yes
flags		: fpu vme de pse tsc msr pae mce cx8 apic sep mtrr pge mca cmov pat pse36 clflush mmx fxsr sse sse2 ss ht syscall nx pdpe1gb rdtscp lm constant_tsc nopl xtopology nonstop_tsc eagerfpu pni pclmulqdq ssse3 cx16 sse4_1 sse4_2 x2apic popcnt aes xsave avx f16c rdrand hypervisor lahf_lm fsgsbase smep xsaveopt
bugs		:
bogomips	: 5000.00
clflush size	: 64
cache_alignment	: 64
address sizes	: 46 bits physical, 48 bits virtual
power management:

processor	: 12
vendor_id	: GenuineIntel
cpu family	: 6
model		: 62
model name	: Intel(R) Xeon(R) CPU @ 2.50GHz
stepping	: 4
microcode	: 0x1
cpu MHz		: 2500.000
cache size	: 30720 KB
physical id	: 0
siblings	: 32
core id		: 6
cpu cores	: 16
apicid		: 12
initial apicid	: 12
fpu		: yes
fpu_exception	: yes
cpuid level	: 13
wp		: yes
flags		: fpu vme de pse tsc msr pae mce cx8 apic sep mtrr pge mca cmov pat pse36 clflush mmx fxsr sse sse2 ss ht syscall nx pdpe1gb rdtscp lm constant_tsc nopl xtopology nonstop_tsc eagerfpu pni pclmulqdq ssse3 cx16 sse4_1 sse4_2 x2apic popcnt aes xsave avx f16c rdrand hypervisor lahf_lm fsgsbase smep xsaveopt
bugs		:
bogomips	: 5000.00
clflush size	: 64
cache_alignment	: 64
address sizes	: 46 bits physical, 48 bits virtual
power management:

processor	: 13
vendor_id	: GenuineIntel
cpu family	: 6
model		: 62
model name	: Intel(R) Xeon(R) CPU @ 2.50GHz
stepping	: 4
microcode	: 0x1
cpu MHz		: 2500.000
cache size	: 30720 KB
physical id	: 0
siblings	: 32
core id		: 6
cpu cores	: 16
apicid		: 13
initial apicid	: 13
fpu		: yes
fpu_exception	: yes
cpuid level	: 13
wp		: yes
flags		: fpu vme de pse tsc msr pae mce cx8 apic sep mtrr pge mca cmov pat pse36 clflush mmx fxsr sse sse2 ss ht syscall nx pdpe1gb rdtscp lm constant_tsc nopl xtopology nonstop_tsc eagerfpu pni pclmulqdq ssse3 cx16 sse4_1 sse4_2 x2apic popcnt aes xsave avx f16c rdrand hypervisor lahf_lm fsgsbase smep xsaveopt
bugs		:
bogomips	: 5000.00
clflush size	: 64
cache_alignment	: 64
address sizes	: 46 bits physical, 48 bits virtual
power management:

processor	: 14
vendor_id	: GenuineIntel
cpu family	: 6
model		: 62
model name	: Intel(R) Xeon(R) CPU @ 2.50GHz
stepping	: 4
microcode	: 0x1
cpu MHz		: 2500.000
cache size	: 30720 KB
physical id	: 0
siblings	: 32
core id		: 7
cpu cores	: 16
apicid		: 14
initial apicid	: 14
fpu		: yes
fpu_exception	: yes
cpuid level	: 13
wp		: yes
flags		: fpu vme de pse tsc msr pae mce cx8 apic sep mtrr pge mca cmov pat pse36 clflush mmx fxsr sse sse2 ss ht syscall nx pdpe1gb rdtscp lm constant_tsc nopl xtopology nonstop_tsc eagerfpu pni pclmulqdq ssse3 cx16 sse4_1 sse4_2 x2apic popcnt aes xsave avx f16c rdrand hypervisor lahf_lm fsgsbase smep xsaveopt
bugs		:
bogomips	: 5000.00
clflush size	: 64
cache_alignment	: 64
address sizes	: 46 bits physical, 48 bits virtual
power management:

processor	: 15
vendor_id	: GenuineIntel
cpu family	: 6
model		: 62
model name	: Intel(R) Xeon(R) CPU @ 2.50GHz
stepping	: 4
microcode	: 0x1
cpu MHz		: 2500.000
cache size	: 30720 KB
physical id	: 0
siblings	: 32
core id		: 7
cpu cores	: 16
apicid		: 15
initial apicid	: 15
fpu		: yes
fpu_exception	: yes
cpuid level	: 13
wp		: yes
flags		: fpu vme de pse tsc msr pae mce cx8 apic sep mtrr pge mca cmov pat pse36 clflush mmx fxsr sse sse2 ss ht syscall nx pdpe1gb rdtscp lm constant_tsc nopl xtopology nonstop_tsc eagerfpu pni pclmulqdq ssse3 cx16 sse4_1 sse4_2 x2apic popcnt aes xsave avx f16c rdrand hypervisor lahf_lm fsgsbase smep xsaveopt
bugs		:
bogomips	: 5000.00
clflush size	: 64
cache_alignment	: 64
address sizes	: 46 bits physical, 48 bits virtual
power management:

processor	: 16
vendor_id	: GenuineIntel
cpu family	: 6
model		: 62
model name	: Intel(R) Xeon(R) CPU @ 2.50GHz
stepping	: 4
microcode	: 0x1
cpu MHz		: 2500.000
cache size	: 30720 KB
physical id	: 0
siblings	: 32
core id		: 8
cpu cores	: 16
apicid		: 16
initial apicid	: 16
fpu		: yes
fpu_exception	: yes
cpuid level	: 13
wp		: yes
flags		: fpu vme de pse tsc msr pae mce cx8 apic sep mtrr pge mca cmov pat pse36 clflush mmx fxsr sse sse2 ss ht syscall nx pdpe1gb rdtscp lm constant_tsc nopl xtopology nonstop_tsc eagerfpu pni pclmulqdq ssse3 cx16 sse4_1 sse4_2 x2apic popcnt aes xsave avx f16c rdrand hypervisor lahf_lm fsgsbase smep xsaveopt
bugs		:
bogomips	: 5000.00
clflush size	: 64
cache_alignment	: 64
address sizes	: 46 bits physical, 48 bits virtual
power management:

processor	: 17
vendor_id	: GenuineIntel
cpu family	: 6
model		: 62
model name	: Intel(R) Xeon(R) CPU @ 2.50GHz
stepping	: 4
microcode	: 0x1
cpu MHz		: 2500.000
cache size	: 30720 KB
physical id	: 0
siblings	: 32
core id		: 8
cpu cores	: 16
apicid		: 17
initial apicid	: 17
fpu		: yes
fpu_exception	: yes
cpuid level	: 13
wp		: yes
flags		: fpu vme de pse tsc msr pae mce cx8 apic sep mtrr pge mca cmov pat pse36 clflush mmx fxsr sse sse2 ss ht syscall nx pdpe1gb rdtscp lm constant_tsc nopl xtopology nonstop_tsc eagerfpu pni pclmulqdq ssse3 cx16 sse4_1 sse4_2 x2apic popcnt aes xsave avx f16c rdrand hypervisor lahf_lm fsgsbase smep xsaveopt
bugs		:
bogomips	: 5000.00
clflush size	: 64
cache_alignment	: 64
address sizes	: 46 bits physical, 48 bits virtual
power management:

processor	: 18
vendor_id	: GenuineIntel
cpu family	: 6
model		: 62
model name	: Intel(R) Xeon(R) CPU @ 2.50GHz
stepping	: 4
microcode	: 0x1
cpu MHz		: 2500.000
cache size	: 30720 KB
physical id	: 0
siblings	: 32
core id		: 9
cpu cores	: 16
apicid		: 18
initial apicid	: 18
fpu		: yes
fpu_exception	: yes
cpuid level	: 13
wp		: yes
flags		: fpu vme de pse tsc msr pae mce cx8 apic sep mtrr pge mca cmov pat pse36 clflush mmx fxsr sse sse2 ss ht syscall nx pdpe1gb rdtscp lm constant_tsc nopl xtopology nonstop_tsc eagerfpu pni pclmulqdq ssse3 cx16 sse4_1 sse4_2 x2apic popcnt aes xsave avx f16c rdrand hypervisor lahf_lm fsgsbase smep xsaveopt
bugs		:
bogomips	: 5000.00
clflush size	: 64
cache_alignment	: 64
address sizes	: 46 bits physical, 48 bits virtual
power management:

processor	: 19
vendor_id	: GenuineIntel
cpu family	: 6
model		: 62
model name	: Intel(R) Xeon(R) CPU @ 2.50GHz
stepping	: 4
microcode	: 0x1
cpu MHz		: 2500.000
cache size	: 30720 KB
physical id	: 0
siblings	: 32
core id		: 9
cpu cores	: 16
apicid		: 19
initial apicid	: 19
fpu		: yes
fpu_exception	: yes
cpuid level	: 13
wp		: yes
flags		: fpu vme de pse tsc msr pae mce cx8 apic sep mtrr pge mca cmov pat pse36 clflush mmx fxsr sse sse2 ss ht syscall nx pdpe1gb rdtscp lm constant_tsc nopl xtopology nonstop_tsc eagerfpu pni pclmulqdq ssse3 cx16 sse4_1 sse4_2 x2apic popcnt aes xsave avx f16c rdrand hypervisor lahf_lm fsgsbase smep xsaveopt
bugs		:
bogomips	: 5000.00
clflush size	: 64
cache_alignment	: 64
address sizes	: 46 bits physical, 48 bits virtual
power management:

processor	: 20
vendor_id	: GenuineIntel
cpu family	: 6
model		: 62
model name	: Intel(R) Xeon(R) CPU @ 2.50GHz
stepping	: 4
microcode	: 0x1
cpu MHz		: 2500.000
cache size	: 30720 KB
physical id	: 0
siblings	: 32
core id		: 10
cpu cores	: 16
apicid		: 20
initial apicid	: 20
fpu		: yes
fpu_exception	: yes
cpuid level	: 13
wp		: yes
flags		: fpu vme de pse tsc msr pae mce cx8 apic sep mtrr pge mca cmov pat pse36 clflush mmx fxsr sse sse2 ss ht syscall nx pdpe1gb rdtscp lm constant_tsc nopl xtopology nonstop_tsc eagerfpu pni pclmulqdq ssse3 cx16 sse4_1 sse4_2 x2apic popcnt aes xsave avx f16c rdrand hypervisor lahf_lm fsgsbase smep xsaveopt
bugs		:
bogomips	: 5000.00
clflush size	: 64
cache_alignment	: 64
address sizes	: 46 bits physical, 48 bits virtual
power management:

processor	: 21
vendor_id	: GenuineIntel
cpu family	: 6
model		: 62
model name	: Intel(R) Xeon(R) CPU @ 2.50GHz
stepping	: 4
microcode	: 0x1
cpu MHz		: 2500.000
cache size	: 30720 KB
physical id	: 0
siblings	: 32
core id		: 10
cpu cores	: 16
apicid		: 21
initial apicid	: 21
fpu		: yes
fpu_exception	: yes
cpuid level	: 13
wp		: yes
flags		: fpu vme de pse tsc msr pae mce cx8 apic sep mtrr pge mca cmov pat pse36 clflush mmx fxsr sse sse2 ss ht syscall nx pdpe1gb rdtscp lm constant_tsc nopl xtopology nonstop_tsc eagerfpu pni pclmulqdq ssse3 cx16 sse4_1 sse4_2 x2apic popcnt aes xsave avx f16c rdrand hypervisor lahf_lm fsgsbase smep xsaveopt
bugs		:
bogomips	: 5000.00
clflush size	: 64
cache_alignment	: 64
address sizes	: 46 bits physical, 48 bits virtual
power management:

processor	: 22
vendor_id	: GenuineIntel
cpu family	: 6
model		: 62
model name	: Intel(R) Xeon(R) CPU @ 2.50GHz
stepping	: 4
microcode	: 0x1
cpu MHz		: 2500.000
cache size	: 30720 KB
physical id	: 0
siblings	: 32
core id		: 11
cpu cores	: 16
apicid		: 22
initial apicid	: 22
fpu		: yes
fpu_exception	: yes
cpuid level	: 13
wp		: yes
flags		: fpu vme de pse tsc msr pae mce cx8 apic sep mtrr pge mca cmov pat pse36 clflush mmx fxsr sse sse2 ss ht syscall nx pdpe1gb rdtscp lm constant_tsc nopl xtopology nonstop_tsc eagerfpu pni pclmulqdq ssse3 cx16 sse4_1 sse4_2 x2apic popcnt aes xsave avx f16c rdrand hypervisor lahf_lm fsgsbase smep xsaveopt
bugs		:
bogomips	: 5000.00
clflush size	: 64
cache_alignment	: 64
address sizes	: 46 bits physical, 48 bits virtual
power management:

processor	: 23
vendor_id	: GenuineIntel
cpu family	: 6
model		: 62
model name	: Intel(R) Xeon(R) CPU @ 2.50GHz
stepping	: 4
microcode	: 0x1
cpu MHz		: 2500.000
cache size	: 30720 KB
physical id	: 0
siblings	: 32
core id		: 11
cpu cores	: 16
apicid		: 23
initial apicid	: 23
fpu		: yes
fpu_exception	: yes
cpuid level	: 13
wp		: yes
flags		: fpu vme de pse tsc msr pae mce cx8 apic sep mtrr pge mca cmov pat pse36 clflush mmx fxsr sse sse2 ss ht syscall nx pdpe1gb rdtscp lm constant_tsc nopl xtopology nonstop_tsc eagerfpu pni pclmulqdq ssse3 cx16 sse4_1 sse4_2 x2apic popcnt aes xsave avx f16c rdrand hypervisor lahf_lm fsgsbase smep xsaveopt
bugs		:
bogomips	: 5000.00
clflush size	: 64
cache_alignment	: 64
address sizes	: 46 bits physical, 48 bits virtual
power management:

processor	: 24
vendor_id	: GenuineIntel
cpu family	: 6
model		: 62
model name	: Intel(R) Xeon(R) CPU @ 2.50GHz
stepping	: 4
microcode	: 0x1
cpu MHz		: 2500.000
cache size	: 30720 KB
physical id	: 0
siblings	: 32
core id		: 12
cpu cores	: 16
apicid		: 24
initial apicid	: 24
fpu		: yes
fpu_exception	: yes
cpuid level	: 13
wp		: yes
flags		: fpu vme de pse tsc msr pae mce cx8 apic sep mtrr pge mca cmov pat pse36 clflush mmx fxsr sse sse2 ss ht syscall nx pdpe1gb rdtscp lm constant_tsc nopl xtopology nonstop_tsc eagerfpu pni pclmulqdq ssse3 cx16 sse4_1 sse4_2 x2apic popcnt aes xsave avx f16c rdrand hypervisor lahf_lm fsgsbase smep xsaveopt
bugs		:
bogomips	: 5000.00
clflush size	: 64
cache_alignment	: 64
address sizes	: 46 bits physical, 48 bits virtual
power management:

processor	: 25
vendor_id	: GenuineIntel
cpu family	: 6
model		: 62
model name	: Intel(R) Xeon(R) CPU @ 2.50GHz
stepping	: 4
microcode	: 0x1
cpu MHz		: 2500.000
cache size	: 30720 KB
physical id	: 0
siblings	: 32
core id		: 12
cpu cores	: 16
apicid		: 25
initial apicid	: 25
fpu		: yes
fpu_exception	: yes
cpuid level	: 13
wp		: yes
flags		: fpu vme de pse tsc msr pae mce cx8 apic sep mtrr pge mca cmov pat pse36 clflush mmx fxsr sse sse2 ss ht syscall nx pdpe1gb rdtscp lm constant_tsc nopl xtopology nonstop_tsc eagerfpu pni pclmulqdq ssse3 cx16 sse4_1 sse4_2 x2apic popcnt aes xsave avx f16c rdrand hypervisor lahf_lm fsgsbase smep xsaveopt
bugs		:
bogomips	: 5000.00
clflush size	: 64
cache_alignment	: 64
address sizes	: 46 bits physical, 48 bits virtual
power management:

processor	: 26
vendor_id	: GenuineIntel
cpu family	: 6
model		: 62
model name	: Intel(R) Xeon(R) CPU @ 2.50GHz
stepping	: 4
microcode	: 0x1
cpu MHz		: 2500.000
cache size	: 30720 KB
physical id	: 0
siblings	: 32
core id		: 13
cpu cores	: 16
apicid		: 26
initial apicid	: 26
fpu		: yes
fpu_exception	: yes
cpuid level	: 13
wp		: yes
flags		: fpu vme de pse tsc msr pae mce cx8 apic sep mtrr pge mca cmov pat pse36 clflush mmx fxsr sse sse2 ss ht syscall nx pdpe1gb rdtscp lm constant_tsc nopl xtopology nonstop_tsc eagerfpu pni pclmulqdq ssse3 cx16 sse4_1 sse4_2 x2apic popcnt aes xsave avx f16c rdrand hypervisor lahf_lm fsgsbase smep xsaveopt
bugs		:
bogomips	: 5000.00
clflush size	: 64
cache_alignment	: 64
address sizes	: 46 bits physical, 48 bits virtual
power management:

processor	: 27
vendor_id	: GenuineIntel
cpu family	: 6
model		: 62
model name	: Intel(R) Xeon(R) CPU @ 2.50GHz
stepping	: 4
microcode	: 0x1
cpu MHz		: 2500.000
cache size	: 30720 KB
physical id	: 0
siblings	: 32
core id		: 13
cpu cores	: 16
apicid		: 27
initial apicid	: 27
fpu		: yes
fpu_exception	: yes
cpuid level	: 13
wp		: yes
flags		: fpu vme de pse tsc msr pae mce cx8 apic sep mtrr pge mca cmov pat pse36 clflush mmx fxsr sse sse2 ss ht syscall nx pdpe1gb rdtscp lm constant_tsc nopl xtopology nonstop_tsc eagerfpu pni pclmulqdq ssse3 cx16 sse4_1 sse4_2 x2apic popcnt aes xsave avx f16c rdrand hypervisor lahf_lm fsgsbase smep xsaveopt
bugs		:
bogomips	: 5000.00
clflush size	: 64
cache_alignment	: 64
address sizes	: 46 bits physical, 48 bits virtual
power management:

processor	: 28
vendor_id	: GenuineIntel
cpu family	: 6
model		: 62
model name	: Intel(R) Xeon(R) CPU @ 2.50GHz
stepping	: 4
microcode	: 0x1
cpu MHz		: 2500.000
cache size	: 30720 KB
physical id	: 0
siblings	: 32
core id		: 14
cpu cores	: 16
apicid		: 28
initial apicid	: 28
fpu		: yes
fpu_exception	: yes
cpuid level	: 13
wp		: yes
flags		: fpu vme de pse tsc msr pae mce cx8 apic sep mtrr pge mca cmov pat pse36 clflush mmx fxsr sse sse2 ss ht syscall nx pdpe1gb rdtscp lm constant_tsc nopl xtopology nonstop_tsc eagerfpu pni pclmulqdq ssse3 cx16 sse4_1 sse4_2 x2apic popcnt aes xsave avx f16c rdrand hypervisor lahf_lm fsgsbase smep xsaveopt
bugs		:
bogomips	: 5000.00
clflush size	: 64
cache_alignment	: 64
address sizes	: 46 bits physical, 48 bits virtual
power management:

processor	: 29
vendor_id	: GenuineIntel
cpu family	: 6
model		: 62
model name	: Intel(R) Xeon(R) CPU @ 2.50GHz
stepping	: 4
microcode	: 0x1
cpu MHz		: 2500.000
cache size	: 30720 KB
physical id	: 0
siblings	: 32
core id		: 14
cpu cores	: 16
apicid		: 29
initial apicid	: 29
fpu		: yes
fpu_exception	: yes
cpuid level	: 13
wp		: yes
flags		: fpu vme de pse tsc msr pae mce cx8 apic sep mtrr pge mca cmov pat pse36 clflush mmx fxsr sse sse2 ss ht syscall nx pdpe1gb rdtscp lm constant_tsc nopl xtopology nonstop_tsc eagerfpu pni pclmulqdq ssse3 cx16 sse4_1 sse4_2 x2apic popcnt aes xsave avx f16c rdrand hypervisor lahf_lm fsgsbase smep xsaveopt
bugs		:
bogomips	: 5000.00
clflush size	: 64
cache_alignment	: 64
address sizes	: 46 bits physical, 48 bits virtual
power management:

processor	: 30
vendor_id	: GenuineIntel
cpu family	: 6
model		: 62
model name	: Intel(R) Xeon(R) CPU @ 2.50GHz
stepping	: 4
microcode	: 0x1
cpu MHz		: 2500.000
cache size	: 30720 KB
physical id	: 0
siblings	: 32
core id		: 15
cpu cores	: 16
apicid		: 30
initial apicid	: 30
fpu		: yes
fpu_exception	: yes
cpuid level	: 13
wp		: yes
flags		: fpu vme de pse tsc msr pae mce cx8 apic sep mtrr pge mca cmov pat pse36 clflush mmx fxsr sse sse2 ss ht syscall nx pdpe1gb rdtscp lm constant_tsc nopl xtopology nonstop_tsc eagerfpu pni pclmulqdq ssse3 cx16 sse4_1 sse4_2 x2apic popcnt aes xsave avx f16c rdrand hypervisor lahf_lm fsgsbase smep xsaveopt
bugs		:
bogomips	: 5000.00
clflush size	: 64
cache_alignment	: 64
address sizes	: 46 bits physical, 48 bits virtual
power management:

processor	: 31
vendor_id	: GenuineIntel
cpu family	: 6
model		: 62
model name	: Intel(R) Xeon(R) CPU @ 2.50GHz
stepping	: 4
microcode	: 0x1
cpu MHz		: 2500.000
cache size	: 30720 KB
physical id	: 0
siblings	: 32
core id		: 15
cpu cores	: 16
apicid		: 31
initial apicid	: 31
fpu		: yes
fpu_exception	: yes
cpuid level	: 13
wp		: yes
flags		: fpu vme de pse tsc msr pae mce cx8 apic sep mtrr pge mca cmov pat pse36 clflush mmx fxsr sse sse2 ss ht syscall nx pdpe1gb rdtscp lm constant_tsc nopl xtopology nonstop_tsc eagerfpu pni pclmulqdq ssse3 cx16 sse4_1 sse4_2 x2apic popcnt aes xsave avx f16c rdrand hypervisor lahf_lm fsgsbase smep xsaveopt
bugs		:
bogomips	: 5000.00
clflush size	: 64
cache_alignment	: 64
address sizes	: 46 bits physical, 48 bits virtual
power management:



Memory: 4k page, physical 29639676k(1454768k free), swap 0k(0k free)

vm_info: OpenJDK 64-Bit Server VM (24.95-b01) for linux-amd64 JRE (1.7.0_95-b00), built on Mar 27 2016 12:52:52 by "buildd" with gcc 5.3.1 20160323

time: Sun Jul 31 13:28:14 2016
elapsed time: 187 seconds

